{"C:\\Users\\MARKY\\Desktop\\382orbust(1)\\code\\testschedulingbackend\\src\\app.js":{"path":"C:\\Users\\MARKY\\Desktop\\382orbust(1)\\code\\testschedulingbackend\\src\\app.js","statementMap":{"0":{"start":{"line":1,"column":13},"end":{"line":1,"column":28}},"1":{"start":{"line":2,"column":16},"end":{"line":2,"column":40}},"2":{"start":{"line":3,"column":17},"end":{"line":3,"column":39}},"3":{"start":{"line":4,"column":15},"end":{"line":4,"column":32}},"4":{"start":{"line":5,"column":13},"end":{"line":5,"column":28}},"5":{"start":{"line":6,"column":15},"end":{"line":6,"column":34}},"6":{"start":{"line":8,"column":17},"end":{"line":8,"column":48}},"7":{"start":{"line":9,"column":22},"end":{"line":9,"column":58}},"8":{"start":{"line":10,"column":16},"end":{"line":10,"column":46}},"9":{"start":{"line":11,"column":17},"end":{"line":11,"column":48}},"10":{"start":{"line":14,"column":19},"end":{"line":14,"column":42}},"11":{"start":{"line":15,"column":17},"end":{"line":15,"column":38}},"12":{"start":{"line":16,"column":17},"end":{"line":16,"column":39}},"13":{"start":{"line":21,"column":16},"end":{"line":21,"column":36}},"14":{"start":{"line":23,"column":23},"end":{"line":23,"column":50}},"15":{"start":{"line":25,"column":12},"end":{"line":25,"column":31}},"16":{"start":{"line":28,"column":0},"end":{"line":28,"column":31}},"17":{"start":{"line":30,"column":0},"end":{"line":30,"column":18}},"18":{"start":{"line":31,"column":0},"end":{"line":32,"column":40}},"19":{"start":{"line":33,"column":0},"end":{"line":33,"column":20}},"20":{"start":{"line":34,"column":0},"end":{"line":34,"column":38}},"21":{"start":{"line":35,"column":0},"end":{"line":35,"column":48}},"22":{"start":{"line":36,"column":0},"end":{"line":36,"column":62}},"23":{"start":{"line":38,"column":0},"end":{"line":38,"column":48}},"24":{"start":{"line":41,"column":0},"end":{"line":41,"column":30}},"25":{"start":{"line":42,"column":0},"end":{"line":42,"column":26}},"26":{"start":{"line":44,"column":0},"end":{"line":44,"column":23}},"27":{"start":{"line":47,"column":0},"end":{"line":47,"column":26}},"28":{"start":{"line":48,"column":0},"end":{"line":48,"column":30}},"29":{"start":{"line":50,"column":0},"end":{"line":50,"column":24}},"30":{"start":{"line":56,"column":0},"end":{"line":56,"column":28}},"31":{"start":{"line":57,"column":0},"end":{"line":57,"column":42}},"32":{"start":{"line":59,"column":0},"end":{"line":59,"column":20}},"33":{"start":{"line":61,"column":0},"end":{"line":61,"column":21}}},"fnMap":{},"branchMap":{},"s":{"0":1,"1":1,"2":1,"3":1,"4":1,"5":1,"6":1,"7":1,"8":1,"9":1,"10":1,"11":1,"12":1,"13":1,"14":1,"15":1,"16":1,"17":1,"18":1,"19":1,"20":1,"21":1,"22":1,"23":1,"24":1,"25":1,"26":1,"27":1,"28":1,"29":1,"30":1,"31":1,"32":1,"33":1},"f":{},"b":{},"_coverageSchema":"43e27e138ebf9cfc5966b082cf9a028302ed4184","hash":"ca16796314bfc6e7e84fa80715b64a6d9ae03190","contentHash":"de87e5e7514f84ec65dc11bd123474689500d1a7e5db27e680ffa04611d2bde5"},"C:\\Users\\MARKY\\Desktop\\382orbust(1)\\code\\testschedulingbackend\\src\\logger.js":{"path":"C:\\Users\\MARKY\\Desktop\\382orbust(1)\\code\\testschedulingbackend\\src\\logger.js","statementMap":{"0":{"start":{"line":1,"column":45},"end":{"line":1,"column":63}},"1":{"start":{"line":4,"column":15},"end":{"line":14,"column":2}},"2":{"start":{"line":16,"column":0},"end":{"line":16,"column":24}}},"fnMap":{},"branchMap":{},"s":{"0":1,"1":1,"2":1},"f":{},"b":{},"_coverageSchema":"43e27e138ebf9cfc5966b082cf9a028302ed4184","hash":"df024cd43896c0c0c343abdbe5630a7ac5252abe","contentHash":"c2c71011f875725784bb16e91179960eb3991e76d2b1bc51338fd9103a8db368"},"C:\\Users\\MARKY\\Desktop\\382orbust(1)\\code\\testschedulingbackend\\src\\middleware\\index.js":{"path":"C:\\Users\\MARKY\\Desktop\\382orbust(1)\\code\\testschedulingbackend\\src\\middleware\\index.js","statementMap":{"0":{"start":{"line":2,"column":16},"end":{"line":2,"column":34}},"1":{"start":{"line":3,"column":15},"end":{"line":3,"column":64}},"2":{"start":{"line":4,"column":11},"end":{"line":4,"column":24}},"3":{"start":{"line":5,"column":15},"end":{"line":5,"column":35}},"4":{"start":{"line":6,"column":15},"end":{"line":6,"column":32}},"5":{"start":{"line":8,"column":0},"end":{"line":72,"column":2}},"6":{"start":{"line":17,"column":2},"end":{"line":51,"column":5}},"7":{"start":{"line":18,"column":13},"end":{"line":18,"column":41}},"8":{"start":{"line":19,"column":17},"end":{"line":19,"column":45}},"9":{"start":{"line":20,"column":4},"end":{"line":39,"column":5}},"10":{"start":{"line":21,"column":6},"end":{"line":38,"column":11}},"11":{"start":{"line":29,"column":10},"end":{"line":29,"column":86}},"12":{"start":{"line":32,"column":10},"end":{"line":37,"column":13}},"13":{"start":{"line":33,"column":12},"end":{"line":36,"column":13}},"14":{"start":{"line":34,"column":14},"end":{"line":34,"column":32}},"15":{"start":{"line":35,"column":14},"end":{"line":35,"column":90}},"16":{"start":{"line":40,"column":4},"end":{"line":50,"column":7}},"17":{"start":{"line":44,"column":21},"end":{"line":44,"column":23}},"18":{"start":{"line":45,"column":8},"end":{"line":47,"column":9}},"19":{"start":{"line":46,"column":10},"end":{"line":46,"column":52}},"20":{"start":{"line":48,"column":8},"end":{"line":48,"column":22}},"21":{"start":{"line":53,"column":2},"end":{"line":67,"column":5}},"22":{"start":{"line":54,"column":22},"end":{"line":54,"column":44}},"23":{"start":{"line":55,"column":4},"end":{"line":66,"column":7}},"24":{"start":{"line":56,"column":21},"end":{"line":56,"column":49}},"25":{"start":{"line":58,"column":6},"end":{"line":65,"column":11}},"26":{"start":{"line":61,"column":10},"end":{"line":61,"column":88}},"27":{"start":{"line":64,"column":10},"end":{"line":64,"column":66}},"28":{"start":{"line":69,"column":2},"end":{"line":71,"column":5}}},"fnMap":{"0":{"name":"(anonymous_0)","decl":{"start":{"line":8,"column":17},"end":{"line":8,"column":18}},"loc":{"start":{"line":8,"column":32},"end":{"line":72,"column":1}},"line":8},"1":{"name":"(anonymous_1)","decl":{"start":{"line":17,"column":45},"end":{"line":17,"column":46}},"loc":{"start":{"line":17,"column":76},"end":{"line":51,"column":3}},"line":17},"2":{"name":"(anonymous_2)","decl":{"start":{"line":28,"column":20},"end":{"line":28,"column":21}},"loc":{"start":{"line":28,"column":36},"end":{"line":30,"column":9}},"line":28},"3":{"name":"(anonymous_3)","decl":{"start":{"line":31,"column":21},"end":{"line":31,"column":22}},"loc":{"start":{"line":31,"column":32},"end":{"line":38,"column":9}},"line":31},"4":{"name":"(anonymous_4)","decl":{"start":{"line":32,"column":46},"end":{"line":32,"column":47}},"loc":{"start":{"line":32,"column":55},"end":{"line":37,"column":11}},"line":32},"5":{"name":"(anonymous_5)","decl":{"start":{"line":43,"column":16},"end":{"line":43,"column":17}},"loc":{"start":{"line":43,"column":26},"end":{"line":49,"column":7}},"line":43},"6":{"name":"(anonymous_6)","decl":{"start":{"line":53,"column":27},"end":{"line":53,"column":28}},"loc":{"start":{"line":53,"column":52},"end":{"line":67,"column":3}},"line":53},"7":{"name":"(anonymous_7)","decl":{"start":{"line":55,"column":21},"end":{"line":55,"column":22}},"loc":{"start":{"line":55,"column":27},"end":{"line":66,"column":5}},"line":55},"8":{"name":"(anonymous_8)","decl":{"start":{"line":60,"column":20},"end":{"line":60,"column":21}},"loc":{"start":{"line":60,"column":36},"end":{"line":62,"column":9}},"line":60},"9":{"name":"(anonymous_9)","decl":{"start":{"line":63,"column":21},"end":{"line":63,"column":22}},"loc":{"start":{"line":63,"column":32},"end":{"line":65,"column":9}},"line":63},"10":{"name":"(anonymous_10)","decl":{"start":{"line":69,"column":30},"end":{"line":69,"column":31}},"loc":{"start":{"line":69,"column":55},"end":{"line":71,"column":3}},"line":69}},"branchMap":{"0":{"loc":{"start":{"line":33,"column":12},"end":{"line":36,"column":13}},"type":"if","locations":[{"start":{"line":33,"column":12},"end":{"line":36,"column":13}},{"start":{"line":33,"column":12},"end":{"line":36,"column":13}}],"line":33}},"s":{"0":1,"1":1,"2":1,"3":1,"4":1,"5":1,"6":1,"7":0,"8":0,"9":0,"10":0,"11":0,"12":0,"13":0,"14":0,"15":0,"16":0,"17":0,"18":0,"19":0,"20":0,"21":1,"22":0,"23":0,"24":0,"25":0,"26":0,"27":0,"28":1},"f":{"0":1,"1":0,"2":0,"3":0,"4":0,"5":0,"6":0,"7":0,"8":0,"9":0,"10":0},"b":{"0":[0,0]},"_coverageSchema":"43e27e138ebf9cfc5966b082cf9a028302ed4184","hash":"f5723715d8b159b46fddfef43c35a2bbdce2b13b","contentHash":"d047680fbff75c99265b87f2ff51373c776254dc1e13a127b7ce19c18be03d46"},"C:\\Users\\MARKY\\Desktop\\382orbust(1)\\code\\testschedulingbackend\\src\\services\\index.js":{"path":"C:\\Users\\MARKY\\Desktop\\382orbust(1)\\code\\testschedulingbackend\\src\\services\\index.js","statementMap":{"0":{"start":{"line":1,"column":17},"end":{"line":1,"column":58}},"1":{"start":{"line":2,"column":14},"end":{"line":2,"column":49}},"2":{"start":{"line":3,"column":21},"end":{"line":3,"column":72}},"3":{"start":{"line":4,"column":18},"end":{"line":4,"column":63}},"4":{"start":{"line":5,"column":14},"end":{"line":5,"column":49}},"5":{"start":{"line":6,"column":22},"end":{"line":6,"column":73}},"6":{"start":{"line":7,"column":20},"end":{"line":7,"column":67}},"7":{"start":{"line":8,"column":15},"end":{"line":8,"column":52}},"8":{"start":{"line":9,"column":21},"end":{"line":9,"column":70}},"9":{"start":{"line":10,"column":19},"end":{"line":10,"column":64}},"10":{"start":{"line":11,"column":23},"end":{"line":11,"column":78}},"11":{"start":{"line":12,"column":18},"end":{"line":12,"column":61}},"12":{"start":{"line":13,"column":22},"end":{"line":13,"column":75}},"13":{"start":{"line":14,"column":14},"end":{"line":14,"column":49}},"14":{"start":{"line":15,"column":19},"end":{"line":15,"column":66}},"15":{"start":{"line":16,"column":19},"end":{"line":16,"column":64}},"16":{"start":{"line":17,"column":17},"end":{"line":17,"column":58}},"17":{"start":{"line":18,"column":13},"end":{"line":18,"column":46}},"18":{"start":{"line":19,"column":22},"end":{"line":19,"column":73}},"19":{"start":{"line":20,"column":15},"end":{"line":20,"column":52}},"20":{"start":{"line":23,"column":0},"end":{"line":47,"column":2}},"21":{"start":{"line":24,"column":2},"end":{"line":24,"column":26}},"22":{"start":{"line":25,"column":2},"end":{"line":25,"column":30}},"23":{"start":{"line":26,"column":2},"end":{"line":26,"column":23}},"24":{"start":{"line":27,"column":2},"end":{"line":27,"column":27}},"25":{"start":{"line":28,"column":2},"end":{"line":28,"column":23}},"26":{"start":{"line":29,"column":2},"end":{"line":29,"column":31}},"27":{"start":{"line":30,"column":2},"end":{"line":30,"column":29}},"28":{"start":{"line":31,"column":2},"end":{"line":31,"column":24}},"29":{"start":{"line":32,"column":2},"end":{"line":32,"column":30}},"30":{"start":{"line":33,"column":2},"end":{"line":33,"column":28}},"31":{"start":{"line":34,"column":2},"end":{"line":34,"column":32}},"32":{"start":{"line":35,"column":2},"end":{"line":35,"column":27}},"33":{"start":{"line":36,"column":2},"end":{"line":36,"column":31}},"34":{"start":{"line":37,"column":2},"end":{"line":37,"column":23}},"35":{"start":{"line":40,"column":2},"end":{"line":40,"column":28}},"36":{"start":{"line":41,"column":2},"end":{"line":41,"column":28}},"37":{"start":{"line":42,"column":2},"end":{"line":42,"column":26}},"38":{"start":{"line":43,"column":2},"end":{"line":43,"column":22}},"39":{"start":{"line":45,"column":2},"end":{"line":45,"column":24}},"40":{"start":{"line":46,"column":2},"end":{"line":46,"column":31}}},"fnMap":{"0":{"name":"(anonymous_0)","decl":{"start":{"line":23,"column":17},"end":{"line":23,"column":18}},"loc":{"start":{"line":23,"column":32},"end":{"line":47,"column":1}},"line":23}},"branchMap":{},"s":{"0":1,"1":1,"2":1,"3":1,"4":1,"5":1,"6":1,"7":1,"8":1,"9":1,"10":1,"11":1,"12":1,"13":1,"14":1,"15":1,"16":1,"17":1,"18":1,"19":1,"20":1,"21":1,"22":1,"23":1,"24":1,"25":1,"26":1,"27":1,"28":1,"29":1,"30":1,"31":1,"32":1,"33":1,"34":1,"35":1,"36":1,"37":1,"38":1,"39":1,"40":1},"f":{"0":1},"b":{},"_coverageSchema":"43e27e138ebf9cfc5966b082cf9a028302ed4184","hash":"d34dcd3f4da6d1c174ed8a23567337422ea410b0","contentHash":"c8458444ce2aa077bf437eff01ffa906e7c667c9dcb0b5989b8ee5df082f71d0"},"C:\\Users\\MARKY\\Desktop\\382orbust(1)\\code\\testschedulingbackend\\src\\services\\requests\\requests.service.js":{"path":"C:\\Users\\MARKY\\Desktop\\382orbust(1)\\code\\testschedulingbackend\\src\\services\\requests\\requests.service.js","statementMap":{"0":{"start":{"line":2,"column":22},"end":{"line":2,"column":49}},"1":{"start":{"line":3,"column":14},"end":{"line":3,"column":41}},"2":{"start":{"line":7,"column":0},"end":{"line":26,"column":2}},"3":{"start":{"line":9,"column":19},"end":{"line":9,"column":38}},"4":{"start":{"line":10,"column":22},"end":{"line":10,"column":44}},"5":{"start":{"line":11,"column":18},"end":{"line":15,"column":3}},"6":{"start":{"line":17,"column":2},"end":{"line":17,"column":47}},"7":{"start":{"line":19,"column":18},"end":{"line":19,"column":41}},"8":{"start":{"line":21,"column":2},"end":{"line":23,"column":5}},"9":{"start":{"line":22,"column":4},"end":{"line":22,"column":46}},"10":{"start":{"line":24,"column":2},"end":{"line":24,"column":23}}},"fnMap":{"0":{"name":"(anonymous_0)","decl":{"start":{"line":7,"column":17},"end":{"line":7,"column":18}},"loc":{"start":{"line":7,"column":38},"end":{"line":26,"column":1}},"line":7},"1":{"name":"(anonymous_1)","decl":{"start":{"line":21,"column":25},"end":{"line":21,"column":26}},"loc":{"start":{"line":21,"column":31},"end":{"line":23,"column":3}},"line":21}},"branchMap":{},"s":{"0":1,"1":1,"2":1,"3":1,"4":1,"5":1,"6":1,"7":1,"8":1,"9":1,"10":1},"f":{"0":1,"1":1},"b":{},"_coverageSchema":"43e27e138ebf9cfc5966b082cf9a028302ed4184","hash":"6f580b2e546777932e8880bb009a3c509634b670","contentHash":"bc3c18abef5505798564151d453e01eb56ed6361f386e2965db2bdddef63315e"},"C:\\Users\\MARKY\\Desktop\\382orbust(1)\\code\\testschedulingbackend\\src\\services\\requests\\requests.hooks.js":{"path":"C:\\Users\\MARKY\\Desktop\\382orbust(1)\\code\\testschedulingbackend\\src\\services\\requests\\requests.hooks.js","statementMap":{"0":{"start":{"line":1,"column":22},"end":{"line":1,"column":58}},"1":{"start":{"line":2,"column":15},"end":{"line":2,"column":47}},"2":{"start":{"line":3,"column":21},"end":{"line":3,"column":57}},"3":{"start":{"line":4,"column":15},"end":{"line":4,"column":55}},"4":{"start":{"line":6,"column":0},"end":{"line":41,"column":2}}},"fnMap":{},"branchMap":{},"s":{"0":1,"1":1,"2":1,"3":1,"4":1},"f":{},"b":{},"_coverageSchema":"43e27e138ebf9cfc5966b082cf9a028302ed4184","hash":"41090b381928c42ac6b767a69e2c1f17e3d6e99d","contentHash":"f17dcf7fe226b44a65d11647321016c84023e3f71c87301904bf7a04bd709cd1"},"C:\\Users\\MARKY\\Desktop\\382orbust(1)\\code\\testschedulingbackend\\src\\hooks\\requestedtask.js":{"path":"C:\\Users\\MARKY\\Desktop\\382orbust(1)\\code\\testschedulingbackend\\src\\hooks\\requestedtask.js","statementMap":{"0":{"start":{"line":5,"column":0},"end":{"line":10,"column":2}},"1":{"start":{"line":6,"column":2},"end":{"line":9,"column":4}},"2":{"start":{"line":7,"column":4},"end":{"line":7,"column":37}},"3":{"start":{"line":8,"column":4},"end":{"line":8,"column":19}}},"fnMap":{"0":{"name":"(anonymous_0)","decl":{"start":{"line":5,"column":17},"end":{"line":5,"column":18}},"loc":{"start":{"line":5,"column":31},"end":{"line":10,"column":1}},"line":5},"1":{"name":"(anonymous_1)","decl":{"start":{"line":6,"column":9},"end":{"line":6,"column":10}},"loc":{"start":{"line":6,"column":26},"end":{"line":9,"column":3}},"line":6}},"branchMap":{},"s":{"0":1,"1":3,"2":1,"3":1},"f":{"0":3,"1":1},"b":{},"_coverageSchema":"43e27e138ebf9cfc5966b082cf9a028302ed4184","hash":"2b694412628a8f7a559d0c0c2b57270d46037762","contentHash":"b03b05b09f25b301625323729fb2f3b318f4586693abf305baf5e22aed8c6099"},"C:\\Users\\MARKY\\Desktop\\382orbust(1)\\code\\testschedulingbackend\\src\\hooks\\unique-id.js":{"path":"C:\\Users\\MARKY\\Desktop\\382orbust(1)\\code\\testschedulingbackend\\src\\hooks\\unique-id.js","statementMap":{"0":{"start":{"line":2,"column":15},"end":{"line":2,"column":32}},"1":{"start":{"line":4,"column":0},"end":{"line":10,"column":2}},"2":{"start":{"line":5,"column":2},"end":{"line":9,"column":4}},"3":{"start":{"line":7,"column":4},"end":{"line":7,"column":52}},"4":{"start":{"line":8,"column":4},"end":{"line":8,"column":19}}},"fnMap":{"0":{"name":"(anonymous_0)","decl":{"start":{"line":4,"column":17},"end":{"line":4,"column":18}},"loc":{"start":{"line":4,"column":31},"end":{"line":10,"column":1}},"line":4},"1":{"name":"(anonymous_1)","decl":{"start":{"line":5,"column":9},"end":{"line":5,"column":10}},"loc":{"start":{"line":5,"column":26},"end":{"line":9,"column":3}},"line":5}},"branchMap":{},"s":{"0":1,"1":1,"2":3,"3":1,"4":1},"f":{"0":3,"1":1},"b":{},"_coverageSchema":"43e27e138ebf9cfc5966b082cf9a028302ed4184","hash":"78b33271878c3199512e91da38a5637ea27cb9d2","contentHash":"b5bac636e9c6b6fe50df184bc86076e9297d90636d016cf5ee921ba75331d033"},"C:\\Users\\MARKY\\Desktop\\382orbust(1)\\code\\testschedulingbackend\\src\\hooks\\validate-text.js":{"path":"C:\\Users\\MARKY\\Desktop\\382orbust(1)\\code\\testschedulingbackend\\src\\hooks\\validate-text.js","statementMap":{"0":{"start":{"line":5,"column":23},"end":{"line":5,"column":52}},"1":{"start":{"line":6,"column":29},"end":{"line":6,"column":41}},"2":{"start":{"line":8,"column":0},"end":{"line":36,"column":2}},"3":{"start":{"line":9,"column":2},"end":{"line":35,"column":4}},"4":{"start":{"line":10,"column":21},"end":{"line":10,"column":28}},"5":{"start":{"line":11,"column":4},"end":{"line":13,"column":5}},"6":{"start":{"line":12,"column":6},"end":{"line":12,"column":62}},"7":{"start":{"line":14,"column":4},"end":{"line":16,"column":5}},"8":{"start":{"line":15,"column":6},"end":{"line":15,"column":66}},"9":{"start":{"line":20,"column":4},"end":{"line":22,"column":5}},"10":{"start":{"line":21,"column":6},"end":{"line":21,"column":65}},"11":{"start":{"line":23,"column":4},"end":{"line":25,"column":5}},"12":{"start":{"line":24,"column":6},"end":{"line":24,"column":53}},"13":{"start":{"line":27,"column":4},"end":{"line":34,"column":5}},"14":{"start":{"line":28,"column":6},"end":{"line":30,"column":9}},"15":{"start":{"line":33,"column":6},"end":{"line":33,"column":21}}},"fnMap":{"0":{"name":"(anonymous_0)","decl":{"start":{"line":8,"column":17},"end":{"line":8,"column":18}},"loc":{"start":{"line":8,"column":29},"end":{"line":36,"column":1}},"line":8},"1":{"name":"(anonymous_1)","decl":{"start":{"line":9,"column":9},"end":{"line":9,"column":10}},"loc":{"start":{"line":9,"column":26},"end":{"line":35,"column":3}},"line":9}},"branchMap":{"0":{"loc":{"start":{"line":11,"column":4},"end":{"line":13,"column":5}},"type":"if","locations":[{"start":{"line":11,"column":4},"end":{"line":13,"column":5}},{"start":{"line":11,"column":4},"end":{"line":13,"column":5}}],"line":11},"1":{"loc":{"start":{"line":11,"column":7},"end":{"line":11,"column":73}},"type":"binary-expr","locations":[{"start":{"line":11,"column":7},"end":{"line":11,"column":41}},{"start":{"line":11,"column":45},"end":{"line":11,"column":73}}],"line":11},"2":{"loc":{"start":{"line":14,"column":4},"end":{"line":16,"column":5}},"type":"if","locations":[{"start":{"line":14,"column":4},"end":{"line":16,"column":5}},{"start":{"line":14,"column":4},"end":{"line":16,"column":5}}],"line":14},"3":{"loc":{"start":{"line":14,"column":7},"end":{"line":14,"column":77}},"type":"binary-expr","locations":[{"start":{"line":14,"column":7},"end":{"line":14,"column":43}},{"start":{"line":14,"column":47},"end":{"line":14,"column":77}}],"line":14},"4":{"loc":{"start":{"line":20,"column":4},"end":{"line":22,"column":5}},"type":"if","locations":[{"start":{"line":20,"column":4},"end":{"line":22,"column":5}},{"start":{"line":20,"column":4},"end":{"line":22,"column":5}}],"line":20},"5":{"loc":{"start":{"line":23,"column":4},"end":{"line":25,"column":5}},"type":"if","locations":[{"start":{"line":23,"column":4},"end":{"line":25,"column":5}},{"start":{"line":23,"column":4},"end":{"line":25,"column":5}}],"line":23},"6":{"loc":{"start":{"line":27,"column":4},"end":{"line":34,"column":5}},"type":"if","locations":[{"start":{"line":27,"column":4},"end":{"line":34,"column":5}},{"start":{"line":27,"column":4},"end":{"line":34,"column":5}}],"line":27}},"s":{"0":1,"1":1,"2":1,"3":7,"4":5,"5":5,"6":1,"7":5,"8":3,"9":5,"10":1,"11":5,"12":1,"13":5,"14":4,"15":1},"f":{"0":7,"1":5},"b":{"0":[1,4],"1":[5,5],"2":[3,2],"3":[5,2],"4":[1,4],"5":[1,4],"6":[4,1]},"_coverageSchema":"43e27e138ebf9cfc5966b082cf9a028302ed4184","hash":"4927f6ae4b6af2754c76c38322dc35ca5ff534f2","contentHash":"2417ce7bf7cc1d1bd3570a14fc445f3e7997d284f195a4569abbf0b040fe1a5c"},"C:\\Users\\MARKY\\Desktop\\382orbust(1)\\code\\testschedulingbackend\\src\\services\\tasks\\tasks.service.js":{"path":"C:\\Users\\MARKY\\Desktop\\382orbust(1)\\code\\testschedulingbackend\\src\\services\\tasks\\tasks.service.js","statementMap":{"0":{"start":{"line":2,"column":22},"end":{"line":2,"column":49}},"1":{"start":{"line":3,"column":14},"end":{"line":3,"column":38}},"2":{"start":{"line":5,"column":0},"end":{"line":25,"column":2}},"3":{"start":{"line":6,"column":19},"end":{"line":6,"column":38}},"4":{"start":{"line":7,"column":22},"end":{"line":7,"column":44}},"5":{"start":{"line":8,"column":18},"end":{"line":12,"column":3}},"6":{"start":{"line":15,"column":2},"end":{"line":15,"column":44}},"7":{"start":{"line":18,"column":18},"end":{"line":18,"column":38}},"8":{"start":{"line":20,"column":2},"end":{"line":22,"column":5}},"9":{"start":{"line":21,"column":4},"end":{"line":21,"column":43}},"10":{"start":{"line":24,"column":2},"end":{"line":24,"column":23}}},"fnMap":{"0":{"name":"(anonymous_0)","decl":{"start":{"line":5,"column":17},"end":{"line":5,"column":18}},"loc":{"start":{"line":5,"column":32},"end":{"line":25,"column":1}},"line":5},"1":{"name":"(anonymous_1)","decl":{"start":{"line":20,"column":19},"end":{"line":20,"column":20}},"loc":{"start":{"line":20,"column":25},"end":{"line":22,"column":3}},"line":20}},"branchMap":{},"s":{"0":1,"1":1,"2":1,"3":1,"4":1,"5":1,"6":1,"7":1,"8":1,"9":1,"10":1},"f":{"0":1,"1":1},"b":{},"_coverageSchema":"43e27e138ebf9cfc5966b082cf9a028302ed4184","hash":"19d1243baadc624976f26ebc5bf65618632f1137","contentHash":"dee623533407bd07405e9a5c2d828a0f876b25301be8cdebf451cba71fd8af06"},"C:\\Users\\MARKY\\Desktop\\382orbust(1)\\code\\testschedulingbackend\\src\\services\\tasks\\tasks.hooks.js":{"path":"C:\\Users\\MARKY\\Desktop\\382orbust(1)\\code\\testschedulingbackend\\src\\services\\tasks\\tasks.hooks.js","statementMap":{"0":{"start":{"line":1,"column":15},"end":{"line":1,"column":47}},"1":{"start":{"line":2,"column":16},"end":{"line":2,"column":46}},"2":{"start":{"line":3,"column":22},"end":{"line":3,"column":58}},"3":{"start":{"line":4,"column":18},"end":{"line":4,"column":51}},"4":{"start":{"line":5,"column":15},"end":{"line":5,"column":55}},"5":{"start":{"line":6,"column":26},"end":{"line":6,"column":62}},"6":{"start":{"line":8,"column":25},"end":{"line":8,"column":68}},"7":{"start":{"line":9,"column":25},"end":{"line":9,"column":65}},"8":{"start":{"line":12,"column":0},"end":{"line":55,"column":2}}},"fnMap":{},"branchMap":{},"s":{"0":1,"1":1,"2":1,"3":1,"4":1,"5":1,"6":1,"7":1,"8":1},"f":{},"b":{},"_coverageSchema":"43e27e138ebf9cfc5966b082cf9a028302ed4184","hash":"50417c4b881109ff41e45fc6e573ce10681ef8d6","contentHash":"007eb581ae24b18c4247908cfb16a61dd7c887e02bec5897311be7427f2ae806"},"C:\\Users\\MARKY\\Desktop\\382orbust(1)\\code\\testschedulingbackend\\src\\hooks\\tasklog.js":{"path":"C:\\Users\\MARKY\\Desktop\\382orbust(1)\\code\\testschedulingbackend\\src\\hooks\\tasklog.js","statementMap":{"0":{"start":{"line":1,"column":11},"end":{"line":1,"column":35}},"1":{"start":{"line":3,"column":10},"end":{"line":3,"column":20}},"2":{"start":{"line":6,"column":0},"end":{"line":19,"column":2}},"3":{"start":{"line":7,"column":2},"end":{"line":18,"column":4}},"4":{"start":{"line":12,"column":14},"end":{"line":12,"column":30}},"5":{"start":{"line":14,"column":17},"end":{"line":14,"column":147}},"6":{"start":{"line":15,"column":4},"end":{"line":15,"column":19}},"7":{"start":{"line":16,"column":4},"end":{"line":16,"column":27}},"8":{"start":{"line":17,"column":4},"end":{"line":17,"column":19}}},"fnMap":{"0":{"name":"(anonymous_0)","decl":{"start":{"line":6,"column":17},"end":{"line":6,"column":18}},"loc":{"start":{"line":6,"column":39},"end":{"line":19,"column":1}},"line":6},"1":{"name":"(anonymous_1)","decl":{"start":{"line":7,"column":9},"end":{"line":7,"column":10}},"loc":{"start":{"line":7,"column":26},"end":{"line":18,"column":3}},"line":7}},"branchMap":{},"s":{"0":1,"1":1,"2":1,"3":2,"4":1,"5":1,"6":1,"7":1,"8":1},"f":{"0":2,"1":1},"b":{},"_coverageSchema":"43e27e138ebf9cfc5966b082cf9a028302ed4184","hash":"2745a9bc750f9cacedeb5730c22acac224f05a18","contentHash":"e03ab42e7d7b8b410a2452b14e136b0ee487bdd90dcf6f622268e5a73ed1dfb3"},"C:\\Users\\MARKY\\Desktop\\382orbust(1)\\code\\testschedulingbackend\\src\\hooks\\create-log.js":{"path":"C:\\Users\\MARKY\\Desktop\\382orbust(1)\\code\\testschedulingbackend\\src\\hooks\\create-log.js","statementMap":{"0":{"start":{"line":5,"column":0},"end":{"line":12,"column":2}},"1":{"start":{"line":6,"column":2},"end":{"line":11,"column":4}},"2":{"start":{"line":7,"column":15},"end":{"line":7,"column":27}},"3":{"start":{"line":8,"column":4},"end":{"line":8,"column":30}},"4":{"start":{"line":9,"column":4},"end":{"line":9,"column":24}},"5":{"start":{"line":10,"column":4},"end":{"line":10,"column":19}}},"fnMap":{"0":{"name":"(anonymous_0)","decl":{"start":{"line":5,"column":17},"end":{"line":5,"column":18}},"loc":{"start":{"line":5,"column":41},"end":{"line":12,"column":1}},"line":5},"1":{"name":"(anonymous_1)","decl":{"start":{"line":6,"column":9},"end":{"line":6,"column":10}},"loc":{"start":{"line":6,"column":26},"end":{"line":11,"column":3}},"line":6}},"branchMap":{"0":{"loc":{"start":{"line":5,"column":27},"end":{"line":5,"column":39}},"type":"default-arg","locations":[{"start":{"line":5,"column":37},"end":{"line":5,"column":39}}],"line":5}},"s":{"0":1,"1":2,"2":1,"3":1,"4":1,"5":1},"f":{"0":2,"1":1},"b":{"0":[1]},"_coverageSchema":"43e27e138ebf9cfc5966b082cf9a028302ed4184","hash":"2adc3a7d61018304a9221af1920f72e9d846b0c3","contentHash":"d9c51886391e226070796793120f2fb91fbedc88d89220938ed633e1dcd033b5"},"C:\\Users\\MARKY\\Desktop\\382orbust(1)\\code\\testschedulingbackend\\src\\hooks\\notifications.js":{"path":"C:\\Users\\MARKY\\Desktop\\382orbust(1)\\code\\testschedulingbackend\\src\\hooks\\notifications.js","statementMap":{"0":{"start":{"line":1,"column":0},"end":{"line":24,"column":2}},"1":{"start":{"line":3,"column":2},"end":{"line":23,"column":4}},"2":{"start":{"line":4,"column":17},"end":{"line":4,"column":36}},"3":{"start":{"line":5,"column":13},"end":{"line":5,"column":23}},"4":{"start":{"line":8,"column":14},"end":{"line":8,"column":18}},"5":{"start":{"line":9,"column":16},"end":{"line":9,"column":22}},"6":{"start":{"line":11,"column":15},"end":{"line":11,"column":29}},"7":{"start":{"line":12,"column":18},"end":{"line":12,"column":46}},"8":{"start":{"line":13,"column":28},"end":{"line":13,"column":47}},"9":{"start":{"line":14,"column":26},"end":{"line":14,"column":62}},"10":{"start":{"line":15,"column":17},"end":{"line":15,"column":88}},"11":{"start":{"line":17,"column":4},"end":{"line":17,"column":32}},"12":{"start":{"line":18,"column":4},"end":{"line":18,"column":28}},"13":{"start":{"line":19,"column":4},"end":{"line":19,"column":31}},"14":{"start":{"line":21,"column":4},"end":{"line":21,"column":19}}},"fnMap":{"0":{"name":"(anonymous_0)","decl":{"start":{"line":1,"column":17},"end":{"line":1,"column":18}},"loc":{"start":{"line":1,"column":29},"end":{"line":24,"column":1}},"line":1},"1":{"name":"(anonymous_1)","decl":{"start":{"line":3,"column":9},"end":{"line":3,"column":10}},"loc":{"start":{"line":3,"column":33},"end":{"line":23,"column":3}},"line":3}},"branchMap":{},"s":{"0":1,"1":1,"2":0,"3":0,"4":0,"5":0,"6":0,"7":0,"8":0,"9":0,"10":0,"11":0,"12":0,"13":0,"14":0},"f":{"0":1,"1":0},"b":{},"_coverageSchema":"43e27e138ebf9cfc5966b082cf9a028302ed4184","hash":"1ff9cc61bf9873f9566a2338f16c97f888dc6088","contentHash":"16798ea9a3f035ecfe61697570b13a0ae7a0ac669f7c1fbcb01339d321d01b8e"},"C:\\Users\\MARKY\\Desktop\\382orbust(1)\\code\\testschedulingbackend\\src\\hooks\\updatestatus-task.js":{"path":"C:\\Users\\MARKY\\Desktop\\382orbust(1)\\code\\testschedulingbackend\\src\\hooks\\updatestatus-task.js","statementMap":{"0":{"start":{"line":3,"column":0},"end":{"line":15,"column":2}},"1":{"start":{"line":4,"column":2},"end":{"line":14,"column":4}},"2":{"start":{"line":5,"column":20},"end":{"line":5,"column":48}},"3":{"start":{"line":6,"column":15},"end":{"line":6,"column":25}},"4":{"start":{"line":7,"column":19},"end":{"line":7,"column":38}},"5":{"start":{"line":8,"column":18},"end":{"line":8,"column":39}},"6":{"start":{"line":10,"column":19},"end":{"line":10,"column":70}},"7":{"start":{"line":11,"column":4},"end":{"line":11,"column":21}},"8":{"start":{"line":12,"column":4},"end":{"line":12,"column":27}},"9":{"start":{"line":13,"column":4},"end":{"line":13,"column":19}}},"fnMap":{"0":{"name":"(anonymous_0)","decl":{"start":{"line":3,"column":17},"end":{"line":3,"column":18}},"loc":{"start":{"line":3,"column":31},"end":{"line":15,"column":1}},"line":3},"1":{"name":"(anonymous_1)","decl":{"start":{"line":4,"column":9},"end":{"line":4,"column":10}},"loc":{"start":{"line":4,"column":26},"end":{"line":14,"column":3}},"line":4}},"branchMap":{},"s":{"0":1,"1":1,"2":0,"3":0,"4":0,"5":0,"6":0,"7":0,"8":0,"9":0},"f":{"0":1,"1":0},"b":{},"_coverageSchema":"43e27e138ebf9cfc5966b082cf9a028302ed4184","hash":"114bb03b1f84c22c116a0df13328ba08dbceb051","contentHash":"8546064dec40058213f8fb573d841677b4e3b59ba1a9acfb6e75528fd6c17366"},"C:\\Users\\MARKY\\Desktop\\382orbust(1)\\code\\testschedulingbackend\\src\\services\\request-draft\\request-draft.service.js":{"path":"C:\\Users\\MARKY\\Desktop\\382orbust(1)\\code\\testschedulingbackend\\src\\services\\request-draft\\request-draft.service.js","statementMap":{"0":{"start":{"line":2,"column":22},"end":{"line":2,"column":49}},"1":{"start":{"line":3,"column":14},"end":{"line":3,"column":46}},"2":{"start":{"line":5,"column":0},"end":{"line":21,"column":2}},"3":{"start":{"line":6,"column":19},"end":{"line":6,"column":38}},"4":{"start":{"line":7,"column":22},"end":{"line":7,"column":44}},"5":{"start":{"line":8,"column":18},"end":{"line":8,"column":30}},"6":{"start":{"line":11,"column":2},"end":{"line":11,"column":52}},"7":{"start":{"line":14,"column":18},"end":{"line":14,"column":46}},"8":{"start":{"line":16,"column":2},"end":{"line":18,"column":5}},"9":{"start":{"line":17,"column":4},"end":{"line":17,"column":51}},"10":{"start":{"line":20,"column":2},"end":{"line":20,"column":23}}},"fnMap":{"0":{"name":"(anonymous_0)","decl":{"start":{"line":5,"column":17},"end":{"line":5,"column":18}},"loc":{"start":{"line":5,"column":32},"end":{"line":21,"column":1}},"line":5},"1":{"name":"(anonymous_1)","decl":{"start":{"line":16,"column":19},"end":{"line":16,"column":20}},"loc":{"start":{"line":16,"column":25},"end":{"line":18,"column":3}},"line":16}},"branchMap":{},"s":{"0":1,"1":1,"2":1,"3":1,"4":1,"5":1,"6":1,"7":1,"8":1,"9":1,"10":1},"f":{"0":1,"1":1},"b":{},"_coverageSchema":"43e27e138ebf9cfc5966b082cf9a028302ed4184","hash":"9265bf033cfaa8e98fa0b4b52e204963f6fbc5f1","contentHash":"fdf8792522a2dec6467829d441778e60b08c851cf0f079586bfa3b98cfb64b0c"},"C:\\Users\\MARKY\\Desktop\\382orbust(1)\\code\\testschedulingbackend\\src\\services\\request-draft\\request-draft.hooks.js":{"path":"C:\\Users\\MARKY\\Desktop\\382orbust(1)\\code\\testschedulingbackend\\src\\services\\request-draft\\request-draft.hooks.js","statementMap":{"0":{"start":{"line":1,"column":21},"end":{"line":1,"column":57}},"1":{"start":{"line":3,"column":0},"end":{"line":33,"column":2}}},"fnMap":{},"branchMap":{},"s":{"0":1,"1":1},"f":{},"b":{},"_coverageSchema":"43e27e138ebf9cfc5966b082cf9a028302ed4184","hash":"756b811c4ddb7ed677431cf02c63ef7729d5a6fa","contentHash":"36ba238eafd46b85f93cb1122794e04339ca9266fcefcaa6f8da61fa0ea91c23"},"C:\\Users\\MARKY\\Desktop\\382orbust(1)\\code\\testschedulingbackend\\src\\services\\task-draft\\task-draft.service.js":{"path":"C:\\Users\\MARKY\\Desktop\\382orbust(1)\\code\\testschedulingbackend\\src\\services\\task-draft\\task-draft.service.js","statementMap":{"0":{"start":{"line":2,"column":22},"end":{"line":2,"column":49}},"1":{"start":{"line":3,"column":14},"end":{"line":3,"column":43}},"2":{"start":{"line":5,"column":0},"end":{"line":21,"column":2}},"3":{"start":{"line":6,"column":19},"end":{"line":6,"column":38}},"4":{"start":{"line":7,"column":22},"end":{"line":7,"column":44}},"5":{"start":{"line":8,"column":18},"end":{"line":8,"column":30}},"6":{"start":{"line":11,"column":2},"end":{"line":11,"column":49}},"7":{"start":{"line":14,"column":18},"end":{"line":14,"column":43}},"8":{"start":{"line":16,"column":2},"end":{"line":18,"column":5}},"9":{"start":{"line":17,"column":4},"end":{"line":17,"column":48}},"10":{"start":{"line":20,"column":2},"end":{"line":20,"column":23}}},"fnMap":{"0":{"name":"(anonymous_0)","decl":{"start":{"line":5,"column":17},"end":{"line":5,"column":18}},"loc":{"start":{"line":5,"column":32},"end":{"line":21,"column":1}},"line":5},"1":{"name":"(anonymous_1)","decl":{"start":{"line":16,"column":19},"end":{"line":16,"column":20}},"loc":{"start":{"line":16,"column":25},"end":{"line":18,"column":3}},"line":16}},"branchMap":{},"s":{"0":1,"1":1,"2":1,"3":1,"4":1,"5":1,"6":1,"7":1,"8":1,"9":1,"10":1},"f":{"0":1,"1":1},"b":{},"_coverageSchema":"43e27e138ebf9cfc5966b082cf9a028302ed4184","hash":"8ff89489174a3e3d179446a0e8cb4e6f071eb20a","contentHash":"b330f96d6a0e7e9fd2a63a85ebfb09834ba000cdbbba4a93bb95c8f2269560e4"},"C:\\Users\\MARKY\\Desktop\\382orbust(1)\\code\\testschedulingbackend\\src\\services\\task-draft\\task-draft.hooks.js":{"path":"C:\\Users\\MARKY\\Desktop\\382orbust(1)\\code\\testschedulingbackend\\src\\services\\task-draft\\task-draft.hooks.js","statementMap":{"0":{"start":{"line":1,"column":29},"end":{"line":1,"column":74}},"1":{"start":{"line":3,"column":0},"end":{"line":33,"column":2}}},"fnMap":{},"branchMap":{},"s":{"0":1,"1":1},"f":{},"b":{},"_coverageSchema":"43e27e138ebf9cfc5966b082cf9a028302ed4184","hash":"83c8e550bcc23502d328db625ab89bbe93a733c0","contentHash":"7a85c8772eb34ed7df237b8edf00169d58e057305b222dcfdd3589b853035e4c"},"C:\\Users\\MARKY\\Desktop\\382orbust(1)\\code\\testschedulingbackend\\src\\hooks\\validate-task-elements.js":{"path":"C:\\Users\\MARKY\\Desktop\\382orbust(1)\\code\\testschedulingbackend\\src\\hooks\\validate-task-elements.js","statementMap":{"0":{"start":{"line":5,"column":23},"end":{"line":5,"column":52}},"1":{"start":{"line":6,"column":15},"end":{"line":6,"column":32}},"2":{"start":{"line":8,"column":25},"end":{"line":8,"column":37}},"3":{"start":{"line":10,"column":0},"end":{"line":47,"column":2}},"4":{"start":{"line":11,"column":2},"end":{"line":46,"column":4}},"5":{"start":{"line":12,"column":21},"end":{"line":12,"column":28}},"6":{"start":{"line":13,"column":4},"end":{"line":15,"column":5}},"7":{"start":{"line":14,"column":6},"end":{"line":14,"column":54}},"8":{"start":{"line":16,"column":4},"end":{"line":18,"column":5}},"9":{"start":{"line":17,"column":6},"end":{"line":17,"column":67}},"10":{"start":{"line":19,"column":4},"end":{"line":21,"column":5}},"11":{"start":{"line":20,"column":6},"end":{"line":20,"column":70}},"12":{"start":{"line":22,"column":4},"end":{"line":24,"column":5}},"13":{"start":{"line":23,"column":6},"end":{"line":23,"column":66}},"14":{"start":{"line":25,"column":4},"end":{"line":27,"column":5}},"15":{"start":{"line":26,"column":6},"end":{"line":26,"column":58}},"16":{"start":{"line":28,"column":4},"end":{"line":30,"column":5}},"17":{"start":{"line":29,"column":6},"end":{"line":29,"column":59}},"18":{"start":{"line":31,"column":4},"end":{"line":33,"column":5}},"19":{"start":{"line":32,"column":6},"end":{"line":32,"column":57}},"20":{"start":{"line":34,"column":4},"end":{"line":36,"column":5}},"21":{"start":{"line":35,"column":6},"end":{"line":35,"column":50}},"22":{"start":{"line":38,"column":4},"end":{"line":45,"column":5}},"23":{"start":{"line":39,"column":6},"end":{"line":41,"column":9}},"24":{"start":{"line":44,"column":6},"end":{"line":44,"column":21}}},"fnMap":{"0":{"name":"(anonymous_0)","decl":{"start":{"line":10,"column":17},"end":{"line":10,"column":18}},"loc":{"start":{"line":10,"column":29},"end":{"line":47,"column":1}},"line":10},"1":{"name":"(anonymous_1)","decl":{"start":{"line":11,"column":9},"end":{"line":11,"column":10}},"loc":{"start":{"line":11,"column":26},"end":{"line":46,"column":3}},"line":11}},"branchMap":{"0":{"loc":{"start":{"line":13,"column":4},"end":{"line":15,"column":5}},"type":"if","locations":[{"start":{"line":13,"column":4},"end":{"line":15,"column":5}},{"start":{"line":13,"column":4},"end":{"line":15,"column":5}}],"line":13},"1":{"loc":{"start":{"line":13,"column":7},"end":{"line":13,"column":67}},"type":"binary-expr","locations":[{"start":{"line":13,"column":7},"end":{"line":13,"column":38}},{"start":{"line":13,"column":42},"end":{"line":13,"column":67}}],"line":13},"2":{"loc":{"start":{"line":16,"column":4},"end":{"line":18,"column":5}},"type":"if","locations":[{"start":{"line":16,"column":4},"end":{"line":18,"column":5}},{"start":{"line":16,"column":4},"end":{"line":18,"column":5}}],"line":16},"3":{"loc":{"start":{"line":16,"column":7},"end":{"line":16,"column":79}},"type":"binary-expr","locations":[{"start":{"line":16,"column":7},"end":{"line":16,"column":44}},{"start":{"line":16,"column":48},"end":{"line":16,"column":79}}],"line":16},"4":{"loc":{"start":{"line":19,"column":4},"end":{"line":21,"column":5}},"type":"if","locations":[{"start":{"line":19,"column":4},"end":{"line":21,"column":5}},{"start":{"line":19,"column":4},"end":{"line":21,"column":5}}],"line":19},"5":{"loc":{"start":{"line":22,"column":4},"end":{"line":24,"column":5}},"type":"if","locations":[{"start":{"line":22,"column":4},"end":{"line":24,"column":5}},{"start":{"line":22,"column":4},"end":{"line":24,"column":5}}],"line":22},"6":{"loc":{"start":{"line":25,"column":4},"end":{"line":27,"column":5}},"type":"if","locations":[{"start":{"line":25,"column":4},"end":{"line":27,"column":5}},{"start":{"line":25,"column":4},"end":{"line":27,"column":5}}],"line":25},"7":{"loc":{"start":{"line":25,"column":7},"end":{"line":25,"column":71}},"type":"binary-expr","locations":[{"start":{"line":25,"column":7},"end":{"line":25,"column":40}},{"start":{"line":25,"column":44},"end":{"line":25,"column":71}}],"line":25},"8":{"loc":{"start":{"line":28,"column":4},"end":{"line":30,"column":5}},"type":"if","locations":[{"start":{"line":28,"column":4},"end":{"line":30,"column":5}},{"start":{"line":28,"column":4},"end":{"line":30,"column":5}}],"line":28},"9":{"loc":{"start":{"line":28,"column":7},"end":{"line":28,"column":71}},"type":"binary-expr","locations":[{"start":{"line":28,"column":7},"end":{"line":28,"column":40}},{"start":{"line":28,"column":44},"end":{"line":28,"column":71}}],"line":28},"10":{"loc":{"start":{"line":31,"column":4},"end":{"line":33,"column":5}},"type":"if","locations":[{"start":{"line":31,"column":4},"end":{"line":33,"column":5}},{"start":{"line":31,"column":4},"end":{"line":33,"column":5}}],"line":31},"11":{"loc":{"start":{"line":31,"column":7},"end":{"line":31,"column":69}},"type":"binary-expr","locations":[{"start":{"line":31,"column":7},"end":{"line":31,"column":39}},{"start":{"line":31,"column":43},"end":{"line":31,"column":69}}],"line":31},"12":{"loc":{"start":{"line":34,"column":4},"end":{"line":36,"column":5}},"type":"if","locations":[{"start":{"line":34,"column":4},"end":{"line":36,"column":5}},{"start":{"line":34,"column":4},"end":{"line":36,"column":5}}],"line":34},"13":{"loc":{"start":{"line":34,"column":7},"end":{"line":34,"column":63}},"type":"binary-expr","locations":[{"start":{"line":34,"column":7},"end":{"line":34,"column":36}},{"start":{"line":34,"column":40},"end":{"line":34,"column":63}}],"line":34},"14":{"loc":{"start":{"line":38,"column":4},"end":{"line":45,"column":5}},"type":"if","locations":[{"start":{"line":38,"column":4},"end":{"line":45,"column":5}},{"start":{"line":38,"column":4},"end":{"line":45,"column":5}}],"line":38}},"s":{"0":1,"1":1,"2":1,"3":1,"4":9,"5":9,"6":9,"7":1,"8":9,"9":1,"10":9,"11":6,"12":9,"13":5,"14":9,"15":1,"16":9,"17":1,"18":9,"19":1,"20":9,"21":1,"22":9,"23":9,"24":0},"f":{"0":9,"1":9},"b":{"0":[1,8],"1":[9,9],"2":[1,8],"3":[9,8],"4":[6,3],"5":[5,4],"6":[1,8],"7":[9,8],"8":[1,8],"9":[9,9],"10":[1,8],"11":[9,8],"12":[1,8],"13":[9,9],"14":[9,0]},"_coverageSchema":"43e27e138ebf9cfc5966b082cf9a028302ed4184","hash":"c0588c6124a55669285112ef3153a090064ede45","contentHash":"94378324674709b721dc882870c26a4b86df1b2802e9bd3a8132fddcfa56d01b"},"C:\\Users\\MARKY\\Desktop\\382orbust(1)\\code\\testschedulingbackend\\src\\services\\users\\users.service.js":{"path":"C:\\Users\\MARKY\\Desktop\\382orbust(1)\\code\\testschedulingbackend\\src\\services\\users\\users.service.js","statementMap":{"0":{"start":{"line":2,"column":22},"end":{"line":2,"column":49}},"1":{"start":{"line":3,"column":14},"end":{"line":3,"column":38}},"2":{"start":{"line":5,"column":0},"end":{"line":21,"column":2}},"3":{"start":{"line":6,"column":19},"end":{"line":6,"column":38}},"4":{"start":{"line":7,"column":22},"end":{"line":7,"column":44}},"5":{"start":{"line":8,"column":18},"end":{"line":8,"column":30}},"6":{"start":{"line":11,"column":2},"end":{"line":11,"column":44}},"7":{"start":{"line":14,"column":18},"end":{"line":14,"column":38}},"8":{"start":{"line":16,"column":2},"end":{"line":18,"column":5}},"9":{"start":{"line":17,"column":4},"end":{"line":17,"column":43}},"10":{"start":{"line":20,"column":2},"end":{"line":20,"column":23}}},"fnMap":{"0":{"name":"(anonymous_0)","decl":{"start":{"line":5,"column":17},"end":{"line":5,"column":18}},"loc":{"start":{"line":5,"column":32},"end":{"line":21,"column":1}},"line":5},"1":{"name":"(anonymous_1)","decl":{"start":{"line":16,"column":19},"end":{"line":16,"column":20}},"loc":{"start":{"line":16,"column":25},"end":{"line":18,"column":3}},"line":16}},"branchMap":{},"s":{"0":1,"1":1,"2":1,"3":1,"4":1,"5":1,"6":1,"7":1,"8":1,"9":1,"10":1},"f":{"0":1,"1":1},"b":{},"_coverageSchema":"43e27e138ebf9cfc5966b082cf9a028302ed4184","hash":"92a1acf69d3309922145866a9c4f33b85a910f7e","contentHash":"a35c7ecb41e0f8adf9f649c36a2fd5a3e38c4d36621fd72393ca18335d4b28e6"},"C:\\Users\\MARKY\\Desktop\\382orbust(1)\\code\\testschedulingbackend\\src\\services\\users\\users.hooks.js":{"path":"C:\\Users\\MARKY\\Desktop\\382orbust(1)\\code\\testschedulingbackend\\src\\services\\users\\users.hooks.js","statementMap":{"0":{"start":{"line":1,"column":25},"end":{"line":1,"column":68}},"1":{"start":{"line":5,"column":4},"end":{"line":5,"column":53}},"2":{"start":{"line":7,"column":0},"end":{"line":41,"column":2}}},"fnMap":{},"branchMap":{},"s":{"0":1,"1":1,"2":1},"f":{},"b":{},"_coverageSchema":"43e27e138ebf9cfc5966b082cf9a028302ed4184","hash":"e8847088efdf6b1b25bb7d0c592191dfd3c3199c","contentHash":"af12cbd66ab7cb5ac7114a69d3521445a2e23c089452d9995338942fb77f33e1"},"C:\\Users\\MARKY\\Desktop\\382orbust(1)\\code\\testschedulingbackend\\src\\services\\adminrequests\\adminrequests.service.js":{"path":"C:\\Users\\MARKY\\Desktop\\382orbust(1)\\code\\testschedulingbackend\\src\\services\\adminrequests\\adminrequests.service.js","statementMap":{"0":{"start":{"line":2,"column":22},"end":{"line":2,"column":49}},"1":{"start":{"line":3,"column":14},"end":{"line":3,"column":46}},"2":{"start":{"line":5,"column":0},"end":{"line":25,"column":2}},"3":{"start":{"line":6,"column":19},"end":{"line":6,"column":38}},"4":{"start":{"line":7,"column":22},"end":{"line":7,"column":44}},"5":{"start":{"line":8,"column":18},"end":{"line":11,"column":3}},"6":{"start":{"line":14,"column":2},"end":{"line":14,"column":52}},"7":{"start":{"line":17,"column":18},"end":{"line":17,"column":46}},"8":{"start":{"line":19,"column":2},"end":{"line":21,"column":5}},"9":{"start":{"line":20,"column":4},"end":{"line":20,"column":51}},"10":{"start":{"line":23,"column":2},"end":{"line":23,"column":23}}},"fnMap":{"0":{"name":"(anonymous_0)","decl":{"start":{"line":5,"column":17},"end":{"line":5,"column":18}},"loc":{"start":{"line":5,"column":32},"end":{"line":25,"column":1}},"line":5},"1":{"name":"(anonymous_1)","decl":{"start":{"line":19,"column":19},"end":{"line":19,"column":20}},"loc":{"start":{"line":19,"column":25},"end":{"line":21,"column":3}},"line":19}},"branchMap":{},"s":{"0":1,"1":1,"2":1,"3":1,"4":1,"5":1,"6":1,"7":1,"8":1,"9":1,"10":1},"f":{"0":1,"1":1},"b":{},"_coverageSchema":"43e27e138ebf9cfc5966b082cf9a028302ed4184","hash":"dc3b8c4050add56b1bbed32ca8bd29c1566f00db","contentHash":"a3fe32f97331f29c0573145e8cbf3d5ae7613da3faa222721955287c6047cd66"},"C:\\Users\\MARKY\\Desktop\\382orbust(1)\\code\\testschedulingbackend\\src\\services\\adminrequests\\adminrequests.hooks.js":{"path":"C:\\Users\\MARKY\\Desktop\\382orbust(1)\\code\\testschedulingbackend\\src\\services\\adminrequests\\adminrequests.hooks.js","statementMap":{"0":{"start":{"line":2,"column":0},"end":{"line":32,"column":2}}},"fnMap":{},"branchMap":{},"s":{"0":1},"f":{},"b":{},"_coverageSchema":"43e27e138ebf9cfc5966b082cf9a028302ed4184","hash":"65c641c8502eb81d32d7aadefd881f75040a9bed","contentHash":"fb30aa37fc78a66f2afb9e9a5bd9cc254c3920e21edefd101605a25ee834ce83"},"C:\\Users\\MARKY\\Desktop\\382orbust(1)\\code\\testschedulingbackend\\src\\services\\chargecodes\\chargecodes.service.js":{"path":"C:\\Users\\MARKY\\Desktop\\382orbust(1)\\code\\testschedulingbackend\\src\\services\\chargecodes\\chargecodes.service.js","statementMap":{"0":{"start":{"line":2,"column":22},"end":{"line":2,"column":49}},"1":{"start":{"line":3,"column":14},"end":{"line":3,"column":44}},"2":{"start":{"line":5,"column":0},"end":{"line":21,"column":2}},"3":{"start":{"line":6,"column":19},"end":{"line":6,"column":38}},"4":{"start":{"line":7,"column":22},"end":{"line":7,"column":44}},"5":{"start":{"line":8,"column":18},"end":{"line":8,"column":30}},"6":{"start":{"line":11,"column":2},"end":{"line":11,"column":50}},"7":{"start":{"line":14,"column":18},"end":{"line":14,"column":44}},"8":{"start":{"line":16,"column":2},"end":{"line":18,"column":5}},"9":{"start":{"line":17,"column":4},"end":{"line":17,"column":48}},"10":{"start":{"line":20,"column":2},"end":{"line":20,"column":23}}},"fnMap":{"0":{"name":"(anonymous_0)","decl":{"start":{"line":5,"column":17},"end":{"line":5,"column":18}},"loc":{"start":{"line":5,"column":32},"end":{"line":21,"column":1}},"line":5},"1":{"name":"(anonymous_1)","decl":{"start":{"line":16,"column":19},"end":{"line":16,"column":20}},"loc":{"start":{"line":16,"column":25},"end":{"line":18,"column":3}},"line":16}},"branchMap":{},"s":{"0":1,"1":1,"2":1,"3":1,"4":1,"5":1,"6":1,"7":1,"8":1,"9":1,"10":1},"f":{"0":1,"1":1},"b":{},"_coverageSchema":"43e27e138ebf9cfc5966b082cf9a028302ed4184","hash":"075c0d5e06eefd2dae3ec7c348e9c8cbfecff333","contentHash":"e12654e6b5ae39bf8aec45e4d017ed2c1f524ffa80f034363b6f1aa6568e895e"},"C:\\Users\\MARKY\\Desktop\\382orbust(1)\\code\\testschedulingbackend\\src\\services\\chargecodes\\chargecodes.hooks.js":{"path":"C:\\Users\\MARKY\\Desktop\\382orbust(1)\\code\\testschedulingbackend\\src\\services\\chargecodes\\chargecodes.hooks.js","statementMap":{"0":{"start":{"line":3,"column":26},"end":{"line":3,"column":67}},"1":{"start":{"line":5,"column":0},"end":{"line":35,"column":2}}},"fnMap":{},"branchMap":{},"s":{"0":1,"1":1},"f":{},"b":{},"_coverageSchema":"43e27e138ebf9cfc5966b082cf9a028302ed4184","hash":"e30a5057544534c6fb81ca3d338c80cf19a2c336","contentHash":"3ee9f97545a13f8a5147e53bd2f53fbfc9696524154e11fcfb81d2ac369c80a0"},"C:\\Users\\MARKY\\Desktop\\382orbust(1)\\code\\testschedulingbackend\\src\\hooks\\chargecodes-filter.js":{"path":"C:\\Users\\MARKY\\Desktop\\382orbust(1)\\code\\testschedulingbackend\\src\\hooks\\chargecodes-filter.js","statementMap":{"0":{"start":{"line":5,"column":0},"end":{"line":21,"column":2}},"1":{"start":{"line":6,"column":2},"end":{"line":20,"column":4}},"2":{"start":{"line":7,"column":17},"end":{"line":7,"column":36}},"3":{"start":{"line":8,"column":17},"end":{"line":8,"column":28}},"4":{"start":{"line":9,"column":4},"end":{"line":11,"column":5}},"5":{"start":{"line":9,"column":17},"end":{"line":9,"column":18}},"6":{"start":{"line":10,"column":6},"end":{"line":10,"column":32}},"7":{"start":{"line":12,"column":4},"end":{"line":14,"column":7}},"8":{"start":{"line":13,"column":6},"end":{"line":13,"column":19}},"9":{"start":{"line":15,"column":20},"end":{"line":17,"column":5}},"10":{"start":{"line":18,"column":4},"end":{"line":18,"column":31}},"11":{"start":{"line":19,"column":4},"end":{"line":19,"column":19}}},"fnMap":{"0":{"name":"(anonymous_0)","decl":{"start":{"line":5,"column":17},"end":{"line":5,"column":18}},"loc":{"start":{"line":5,"column":41},"end":{"line":21,"column":1}},"line":5},"1":{"name":"(anonymous_1)","decl":{"start":{"line":6,"column":9},"end":{"line":6,"column":10}},"loc":{"start":{"line":6,"column":26},"end":{"line":20,"column":3}},"line":6},"2":{"name":"(anonymous_2)","decl":{"start":{"line":12,"column":25},"end":{"line":12,"column":26}},"loc":{"start":{"line":12,"column":40},"end":{"line":14,"column":5}},"line":12}},"branchMap":{"0":{"loc":{"start":{"line":5,"column":27},"end":{"line":5,"column":39}},"type":"default-arg","locations":[{"start":{"line":5,"column":37},"end":{"line":5,"column":39}}],"line":5}},"s":{"0":1,"1":2,"2":1,"3":1,"4":1,"5":1,"6":2,"7":1,"8":1,"9":1,"10":1,"11":1},"f":{"0":2,"1":1,"2":1},"b":{"0":[2]},"_coverageSchema":"43e27e138ebf9cfc5966b082cf9a028302ed4184","hash":"943f13163bd8803106bec4691b2ea25fe5dc3731","contentHash":"12f8b003112c92bc1f77792bce1c32b84a26a93ec51cd53ca15ccb791be4e622"},"C:\\Users\\MARKY\\Desktop\\382orbust(1)\\code\\testschedulingbackend\\src\\services\\groups\\groups.service.js":{"path":"C:\\Users\\MARKY\\Desktop\\382orbust(1)\\code\\testschedulingbackend\\src\\services\\groups\\groups.service.js","statementMap":{"0":{"start":{"line":2,"column":22},"end":{"line":2,"column":50}},"1":{"start":{"line":3,"column":14},"end":{"line":3,"column":39}},"2":{"start":{"line":5,"column":0},"end":{"line":14,"column":2}},"3":{"start":{"line":8,"column":2},"end":{"line":8,"column":38}},"4":{"start":{"line":11,"column":18},"end":{"line":11,"column":39}},"5":{"start":{"line":13,"column":2},"end":{"line":13,"column":23}}},"fnMap":{"0":{"name":"(anonymous_0)","decl":{"start":{"line":5,"column":17},"end":{"line":5,"column":18}},"loc":{"start":{"line":5,"column":32},"end":{"line":14,"column":1}},"line":5}},"branchMap":{},"s":{"0":1,"1":1,"2":1,"3":1,"4":1,"5":1},"f":{"0":1},"b":{},"_coverageSchema":"43e27e138ebf9cfc5966b082cf9a028302ed4184","hash":"e24e54e9846b7d6ba094049f079210e5035f53fe","contentHash":"d583000974a3340af4850ecb966656aad72f7c5b7052f3438286c4a64b78cbed"},"C:\\Users\\MARKY\\Desktop\\382orbust(1)\\code\\testschedulingbackend\\src\\services\\groups\\groups.class.js":{"path":"C:\\Users\\MARKY\\Desktop\\382orbust(1)\\code\\testschedulingbackend\\src\\services\\groups\\groups.class.js","statementMap":{"0":{"start":{"line":2,"column":19},"end":{"line":2,"column":36}},"1":{"start":{"line":3,"column":12},"end":{"line":3,"column":45}},"2":{"start":{"line":4,"column":14},"end":{"line":4,"column":42}},"3":{"start":{"line":5,"column":15},"end":{"line":5,"column":44}},"4":{"start":{"line":6,"column":17},"end":{"line":6,"column":24}},"5":{"start":{"line":10,"column":4},"end":{"line":12,"column":7}},"6":{"start":{"line":13,"column":4},"end":{"line":13,"column":19}},"7":{"start":{"line":17,"column":4},"end":{"line":17,"column":44}},"8":{"start":{"line":19,"column":30},"end":{"line":22,"column":6}},"9":{"start":{"line":24,"column":4},"end":{"line":24,"column":31}},"10":{"start":{"line":25,"column":4},"end":{"line":25,"column":25}},"11":{"start":{"line":30,"column":0},"end":{"line":32,"column":2}},"12":{"start":{"line":31,"column":2},"end":{"line":31,"column":23}},"13":{"start":{"line":34,"column":0},"end":{"line":34,"column":33}}},"fnMap":{"0":{"name":"(anonymous_0)","decl":{"start":{"line":9,"column":2},"end":{"line":9,"column":3}},"loc":{"start":{"line":9,"column":24},"end":{"line":14,"column":3}},"line":9},"1":{"name":"(anonymous_1)","decl":{"start":{"line":16,"column":2},"end":{"line":16,"column":3}},"loc":{"start":{"line":16,"column":22},"end":{"line":26,"column":3}},"line":16},"2":{"name":"(anonymous_2)","decl":{"start":{"line":30,"column":17},"end":{"line":30,"column":18}},"loc":{"start":{"line":30,"column":29},"end":{"line":32,"column":1}},"line":30}},"branchMap":{},"s":{"0":1,"1":1,"2":1,"3":1,"4":1,"5":1,"6":1,"7":1,"8":1,"9":1,"10":1,"11":1,"12":1,"13":1},"f":{"0":1,"1":1,"2":1},"b":{},"_coverageSchema":"43e27e138ebf9cfc5966b082cf9a028302ed4184","hash":"2bf06ede65a603cdaf909194399783ada66f83d8","contentHash":"1b0872b4330d01aa10fcd4b23b9205e556f01f6f09b6c031df90f5935a42e602"},"C:\\Users\\MARKY\\Desktop\\382orbust(1)\\code\\testschedulingbackend\\src\\services\\groups\\groups.hooks.js":{"path":"C:\\Users\\MARKY\\Desktop\\382orbust(1)\\code\\testschedulingbackend\\src\\services\\groups\\groups.hooks.js","statementMap":{"0":{"start":{"line":3,"column":21},"end":{"line":3,"column":57}},"1":{"start":{"line":5,"column":0},"end":{"line":35,"column":2}}},"fnMap":{},"branchMap":{},"s":{"0":1,"1":1},"f":{},"b":{},"_coverageSchema":"43e27e138ebf9cfc5966b082cf9a028302ed4184","hash":"c06b10a3782ed0a9d2b140cf7b1937eda07ec26b","contentHash":"fe61b99c76c814aa1fba522cb6e224467ae8f2829816f586e1339f2449b9ba35"},"C:\\Users\\MARKY\\Desktop\\382orbust(1)\\code\\testschedulingbackend\\src\\hooks\\groups-filter.js":{"path":"C:\\Users\\MARKY\\Desktop\\382orbust(1)\\code\\testschedulingbackend\\src\\hooks\\groups-filter.js","statementMap":{"0":{"start":{"line":5,"column":0},"end":{"line":39,"column":2}},"1":{"start":{"line":6,"column":2},"end":{"line":38,"column":4}},"2":{"start":{"line":9,"column":17},"end":{"line":9,"column":31}},"3":{"start":{"line":13,"column":17},"end":{"line":13,"column":28}},"4":{"start":{"line":18,"column":27},"end":{"line":18,"column":66}},"5":{"start":{"line":19,"column":4},"end":{"line":23,"column":5}},"6":{"start":{"line":19,"column":17},"end":{"line":19,"column":18}},"7":{"start":{"line":20,"column":6},"end":{"line":22,"column":7}},"8":{"start":{"line":21,"column":8},"end":{"line":21,"column":32}},"9":{"start":{"line":28,"column":4},"end":{"line":28,"column":27}},"10":{"start":{"line":30,"column":20},"end":{"line":32,"column":5}},"11":{"start":{"line":36,"column":4},"end":{"line":36,"column":31}},"12":{"start":{"line":37,"column":4},"end":{"line":37,"column":19}}},"fnMap":{"0":{"name":"(anonymous_0)","decl":{"start":{"line":5,"column":17},"end":{"line":5,"column":18}},"loc":{"start":{"line":5,"column":41},"end":{"line":39,"column":1}},"line":5},"1":{"name":"(anonymous_1)","decl":{"start":{"line":6,"column":9},"end":{"line":6,"column":10}},"loc":{"start":{"line":6,"column":26},"end":{"line":38,"column":3}},"line":6}},"branchMap":{"0":{"loc":{"start":{"line":5,"column":27},"end":{"line":5,"column":39}},"type":"default-arg","locations":[{"start":{"line":5,"column":37},"end":{"line":5,"column":39}}],"line":5},"1":{"loc":{"start":{"line":20,"column":6},"end":{"line":22,"column":7}},"type":"if","locations":[{"start":{"line":20,"column":6},"end":{"line":22,"column":7}},{"start":{"line":20,"column":6},"end":{"line":22,"column":7}}],"line":20}},"s":{"0":1,"1":2,"2":2,"3":2,"4":2,"5":2,"6":2,"7":9,"8":5,"9":2,"10":2,"11":2,"12":2},"f":{"0":2,"1":2},"b":{"0":[2],"1":[5,4]},"_coverageSchema":"43e27e138ebf9cfc5966b082cf9a028302ed4184","hash":"0d45d050c6b04fcd0077bcab4b302a204ba3ad03","contentHash":"24458e7df83a4d9af21070e312da21b766eadcf66c6c81a5c46d113752ed2788"},"C:\\Users\\MARKY\\Desktop\\382orbust(1)\\code\\testschedulingbackend\\src\\services\\pslcompanies\\pslcompanies.service.js":{"path":"C:\\Users\\MARKY\\Desktop\\382orbust(1)\\code\\testschedulingbackend\\src\\services\\pslcompanies\\pslcompanies.service.js","statementMap":{"0":{"start":{"line":2,"column":22},"end":{"line":2,"column":49}},"1":{"start":{"line":3,"column":14},"end":{"line":3,"column":45}},"2":{"start":{"line":5,"column":0},"end":{"line":21,"column":2}},"3":{"start":{"line":6,"column":19},"end":{"line":6,"column":38}},"4":{"start":{"line":7,"column":22},"end":{"line":7,"column":44}},"5":{"start":{"line":8,"column":18},"end":{"line":8,"column":30}},"6":{"start":{"line":11,"column":2},"end":{"line":11,"column":51}},"7":{"start":{"line":14,"column":18},"end":{"line":14,"column":45}},"8":{"start":{"line":16,"column":2},"end":{"line":18,"column":5}},"9":{"start":{"line":17,"column":4},"end":{"line":17,"column":48}},"10":{"start":{"line":20,"column":2},"end":{"line":20,"column":23}}},"fnMap":{"0":{"name":"(anonymous_0)","decl":{"start":{"line":5,"column":17},"end":{"line":5,"column":18}},"loc":{"start":{"line":5,"column":32},"end":{"line":21,"column":1}},"line":5},"1":{"name":"(anonymous_1)","decl":{"start":{"line":16,"column":19},"end":{"line":16,"column":20}},"loc":{"start":{"line":16,"column":25},"end":{"line":18,"column":3}},"line":16}},"branchMap":{},"s":{"0":1,"1":1,"2":1,"3":1,"4":1,"5":1,"6":1,"7":1,"8":1,"9":1,"10":1},"f":{"0":1,"1":1},"b":{},"_coverageSchema":"43e27e138ebf9cfc5966b082cf9a028302ed4184","hash":"36829299703eea4d80cedb9fe7bc89aa498b3c78","contentHash":"e56c2f1585192ef9acc74380815101047b6e60c769a263634afea51943b6fdab"},"C:\\Users\\MARKY\\Desktop\\382orbust(1)\\code\\testschedulingbackend\\src\\services\\pslcompanies\\pslcompanies.hooks.js":{"path":"C:\\Users\\MARKY\\Desktop\\382orbust(1)\\code\\testschedulingbackend\\src\\services\\pslcompanies\\pslcompanies.hooks.js","statementMap":{"0":{"start":{"line":3,"column":24},"end":{"line":3,"column":63}},"1":{"start":{"line":5,"column":0},"end":{"line":35,"column":2}}},"fnMap":{},"branchMap":{},"s":{"0":1,"1":1},"f":{},"b":{},"_coverageSchema":"43e27e138ebf9cfc5966b082cf9a028302ed4184","hash":"e482f9a49199083b3ec207414e28daccbfd5edc9","contentHash":"79ef99bfdb28c521b283181610b61224d4339624c86d07b49b1f50bf7fcecaf2"},"C:\\Users\\MARKY\\Desktop\\382orbust(1)\\code\\testschedulingbackend\\src\\hooks\\companies-filter.js":{"path":"C:\\Users\\MARKY\\Desktop\\382orbust(1)\\code\\testschedulingbackend\\src\\hooks\\companies-filter.js","statementMap":{"0":{"start":{"line":5,"column":0},"end":{"line":17,"column":2}},"1":{"start":{"line":6,"column":2},"end":{"line":16,"column":4}},"2":{"start":{"line":7,"column":17},"end":{"line":7,"column":36}},"3":{"start":{"line":8,"column":17},"end":{"line":8,"column":28}},"4":{"start":{"line":9,"column":4},"end":{"line":11,"column":5}},"5":{"start":{"line":10,"column":6},"end":{"line":10,"column":32}},"6":{"start":{"line":12,"column":4},"end":{"line":14,"column":6}},"7":{"start":{"line":15,"column":4},"end":{"line":15,"column":19}}},"fnMap":{"0":{"name":"(anonymous_0)","decl":{"start":{"line":5,"column":17},"end":{"line":5,"column":18}},"loc":{"start":{"line":5,"column":41},"end":{"line":17,"column":1}},"line":5},"1":{"name":"(anonymous_1)","decl":{"start":{"line":6,"column":9},"end":{"line":6,"column":10}},"loc":{"start":{"line":6,"column":26},"end":{"line":16,"column":3}},"line":6}},"branchMap":{"0":{"loc":{"start":{"line":5,"column":27},"end":{"line":5,"column":39}},"type":"default-arg","locations":[{"start":{"line":5,"column":37},"end":{"line":5,"column":39}}],"line":5}},"s":{"0":1,"1":2,"2":1,"3":1,"4":1,"5":1,"6":1,"7":1},"f":{"0":2,"1":1},"b":{"0":[2]},"_coverageSchema":"43e27e138ebf9cfc5966b082cf9a028302ed4184","hash":"1f585be6b2761052bfbee063bee9d0adf42a61a2","contentHash":"a5d21614cf78990dc38f1eb5a62f6dc1569e3cf884f576278820f5920f2d73b5"},"C:\\Users\\MARKY\\Desktop\\382orbust(1)\\code\\testschedulingbackend\\src\\services\\priorities\\priorities.service.js":{"path":"C:\\Users\\MARKY\\Desktop\\382orbust(1)\\code\\testschedulingbackend\\src\\services\\priorities\\priorities.service.js","statementMap":{"0":{"start":{"line":2,"column":22},"end":{"line":2,"column":49}},"1":{"start":{"line":3,"column":14},"end":{"line":3,"column":43}},"2":{"start":{"line":5,"column":0},"end":{"line":21,"column":2}},"3":{"start":{"line":6,"column":19},"end":{"line":6,"column":38}},"4":{"start":{"line":7,"column":22},"end":{"line":7,"column":44}},"5":{"start":{"line":8,"column":18},"end":{"line":8,"column":30}},"6":{"start":{"line":11,"column":2},"end":{"line":11,"column":49}},"7":{"start":{"line":14,"column":18},"end":{"line":14,"column":43}},"8":{"start":{"line":16,"column":2},"end":{"line":18,"column":5}},"9":{"start":{"line":17,"column":4},"end":{"line":17,"column":46}},"10":{"start":{"line":20,"column":2},"end":{"line":20,"column":23}}},"fnMap":{"0":{"name":"(anonymous_0)","decl":{"start":{"line":5,"column":17},"end":{"line":5,"column":18}},"loc":{"start":{"line":5,"column":32},"end":{"line":21,"column":1}},"line":5},"1":{"name":"(anonymous_1)","decl":{"start":{"line":16,"column":19},"end":{"line":16,"column":20}},"loc":{"start":{"line":16,"column":25},"end":{"line":18,"column":3}},"line":16}},"branchMap":{},"s":{"0":1,"1":1,"2":1,"3":1,"4":1,"5":1,"6":1,"7":1,"8":1,"9":1,"10":1},"f":{"0":1,"1":1},"b":{},"_coverageSchema":"43e27e138ebf9cfc5966b082cf9a028302ed4184","hash":"e9d47ddab47ef3f48d20f7ec43f1ff1eb7565a03","contentHash":"8c3ca62240eed1529ca192d8132b6cda94e5b043738f9e20bbe2a2f64177b701"},"C:\\Users\\MARKY\\Desktop\\382orbust(1)\\code\\testschedulingbackend\\src\\services\\priorities\\priorities.hooks.js":{"path":"C:\\Users\\MARKY\\Desktop\\382orbust(1)\\code\\testschedulingbackend\\src\\services\\priorities\\priorities.hooks.js","statementMap":{"0":{"start":{"line":3,"column":25},"end":{"line":3,"column":65}},"1":{"start":{"line":5,"column":0},"end":{"line":35,"column":2}}},"fnMap":{},"branchMap":{},"s":{"0":1,"1":1},"f":{},"b":{},"_coverageSchema":"43e27e138ebf9cfc5966b082cf9a028302ed4184","hash":"a936b40bdd0bd15810329081f3750ca7d55da08f","contentHash":"5eb6362ff244bbe5793c4998204ea32ed61766dba7cf05de64561e811f222d84"},"C:\\Users\\MARKY\\Desktop\\382orbust(1)\\code\\testschedulingbackend\\src\\hooks\\priorities-filter.js":{"path":"C:\\Users\\MARKY\\Desktop\\382orbust(1)\\code\\testschedulingbackend\\src\\hooks\\priorities-filter.js","statementMap":{"0":{"start":{"line":5,"column":0},"end":{"line":30,"column":2}},"1":{"start":{"line":6,"column":2},"end":{"line":29,"column":4}},"2":{"start":{"line":7,"column":17},"end":{"line":7,"column":36}},"3":{"start":{"line":11,"column":17},"end":{"line":11,"column":28}},"4":{"start":{"line":15,"column":4},"end":{"line":17,"column":5}},"5":{"start":{"line":15,"column":17},"end":{"line":15,"column":18}},"6":{"start":{"line":16,"column":6},"end":{"line":16,"column":33}},"7":{"start":{"line":22,"column":20},"end":{"line":24,"column":5}},"8":{"start":{"line":26,"column":4},"end":{"line":26,"column":31}},"9":{"start":{"line":28,"column":4},"end":{"line":28,"column":19}}},"fnMap":{"0":{"name":"(anonymous_0)","decl":{"start":{"line":5,"column":17},"end":{"line":5,"column":18}},"loc":{"start":{"line":5,"column":41},"end":{"line":30,"column":1}},"line":5},"1":{"name":"(anonymous_1)","decl":{"start":{"line":6,"column":9},"end":{"line":6,"column":10}},"loc":{"start":{"line":6,"column":26},"end":{"line":29,"column":3}},"line":6}},"branchMap":{"0":{"loc":{"start":{"line":5,"column":27},"end":{"line":5,"column":39}},"type":"default-arg","locations":[{"start":{"line":5,"column":37},"end":{"line":5,"column":39}}],"line":5}},"s":{"0":1,"1":2,"2":1,"3":1,"4":1,"5":1,"6":2,"7":1,"8":1,"9":1},"f":{"0":2,"1":1},"b":{"0":[2]},"_coverageSchema":"43e27e138ebf9cfc5966b082cf9a028302ed4184","hash":"e152fa4e069a4574ba61518bc4adf5c4a80f327e","contentHash":"db1a1693c7404e99f2e33e2b68bbf04f4ce46068082858eda213cffecb290377"},"C:\\Users\\MARKY\\Desktop\\382orbust(1)\\code\\testschedulingbackend\\src\\services\\request-drivers\\request-drivers.service.js":{"path":"C:\\Users\\MARKY\\Desktop\\382orbust(1)\\code\\testschedulingbackend\\src\\services\\request-drivers\\request-drivers.service.js","statementMap":{"0":{"start":{"line":2,"column":22},"end":{"line":2,"column":49}},"1":{"start":{"line":3,"column":14},"end":{"line":3,"column":48}},"2":{"start":{"line":5,"column":0},"end":{"line":21,"column":2}},"3":{"start":{"line":6,"column":19},"end":{"line":6,"column":38}},"4":{"start":{"line":7,"column":22},"end":{"line":7,"column":44}},"5":{"start":{"line":8,"column":18},"end":{"line":8,"column":30}},"6":{"start":{"line":11,"column":2},"end":{"line":11,"column":54}},"7":{"start":{"line":14,"column":18},"end":{"line":14,"column":48}},"8":{"start":{"line":16,"column":2},"end":{"line":18,"column":5}},"9":{"start":{"line":17,"column":4},"end":{"line":17,"column":51}},"10":{"start":{"line":20,"column":2},"end":{"line":20,"column":23}}},"fnMap":{"0":{"name":"(anonymous_0)","decl":{"start":{"line":5,"column":17},"end":{"line":5,"column":18}},"loc":{"start":{"line":5,"column":32},"end":{"line":21,"column":1}},"line":5},"1":{"name":"(anonymous_1)","decl":{"start":{"line":16,"column":19},"end":{"line":16,"column":20}},"loc":{"start":{"line":16,"column":25},"end":{"line":18,"column":3}},"line":16}},"branchMap":{},"s":{"0":1,"1":1,"2":1,"3":1,"4":1,"5":1,"6":1,"7":1,"8":1,"9":1,"10":1},"f":{"0":1,"1":1},"b":{},"_coverageSchema":"43e27e138ebf9cfc5966b082cf9a028302ed4184","hash":"cb93258d36e0c5e1daff03f19c328cb06fcd6ebc","contentHash":"8f0e0e664226a19d3602abc832987a7a9e8e934f1fed74a0fabc32254ab0b986"},"C:\\Users\\MARKY\\Desktop\\382orbust(1)\\code\\testschedulingbackend\\src\\services\\request-drivers\\request-drivers.hooks.js":{"path":"C:\\Users\\MARKY\\Desktop\\382orbust(1)\\code\\testschedulingbackend\\src\\services\\request-drivers\\request-drivers.hooks.js","statementMap":{"0":{"start":{"line":3,"column":22},"end":{"line":3,"column":59}},"1":{"start":{"line":5,"column":0},"end":{"line":35,"column":2}}},"fnMap":{},"branchMap":{},"s":{"0":1,"1":1},"f":{},"b":{},"_coverageSchema":"43e27e138ebf9cfc5966b082cf9a028302ed4184","hash":"7f1ce097cca0177c4b69eca826e8ce669e1d0d0d","contentHash":"0bd7870d4d590d23671777a7ae288e031c850952af53f89d9f63dadc12a36207"},"C:\\Users\\MARKY\\Desktop\\382orbust(1)\\code\\testschedulingbackend\\src\\hooks\\drivers-filter.js":{"path":"C:\\Users\\MARKY\\Desktop\\382orbust(1)\\code\\testschedulingbackend\\src\\hooks\\drivers-filter.js","statementMap":{"0":{"start":{"line":5,"column":0},"end":{"line":18,"column":2}},"1":{"start":{"line":6,"column":2},"end":{"line":17,"column":4}},"2":{"start":{"line":7,"column":15},"end":{"line":7,"column":34}},"3":{"start":{"line":8,"column":17},"end":{"line":8,"column":28}},"4":{"start":{"line":9,"column":4},"end":{"line":11,"column":5}},"5":{"start":{"line":10,"column":6},"end":{"line":10,"column":36}},"6":{"start":{"line":13,"column":4},"end":{"line":15,"column":6}},"7":{"start":{"line":16,"column":4},"end":{"line":16,"column":19}}},"fnMap":{"0":{"name":"(anonymous_0)","decl":{"start":{"line":5,"column":17},"end":{"line":5,"column":18}},"loc":{"start":{"line":5,"column":41},"end":{"line":18,"column":1}},"line":5},"1":{"name":"(anonymous_1)","decl":{"start":{"line":6,"column":9},"end":{"line":6,"column":10}},"loc":{"start":{"line":6,"column":26},"end":{"line":17,"column":3}},"line":6}},"branchMap":{"0":{"loc":{"start":{"line":5,"column":27},"end":{"line":5,"column":39}},"type":"default-arg","locations":[{"start":{"line":5,"column":37},"end":{"line":5,"column":39}}],"line":5}},"s":{"0":1,"1":2,"2":1,"3":1,"4":1,"5":1,"6":1,"7":1},"f":{"0":2,"1":1},"b":{"0":[2]},"_coverageSchema":"43e27e138ebf9cfc5966b082cf9a028302ed4184","hash":"1f6dc9e17709671e6acd943dbb9eb80ceee032ef","contentHash":"37c452c2434da18ebe6746ed316130375ce361a3212b598354b105f213277c10"},"C:\\Users\\MARKY\\Desktop\\382orbust(1)\\code\\testschedulingbackend\\src\\services\\resources\\resources.service.js":{"path":"C:\\Users\\MARKY\\Desktop\\382orbust(1)\\code\\testschedulingbackend\\src\\services\\resources\\resources.service.js","statementMap":{"0":{"start":{"line":2,"column":22},"end":{"line":2,"column":49}},"1":{"start":{"line":3,"column":14},"end":{"line":3,"column":42}},"2":{"start":{"line":5,"column":0},"end":{"line":21,"column":2}},"3":{"start":{"line":6,"column":19},"end":{"line":6,"column":38}},"4":{"start":{"line":7,"column":22},"end":{"line":7,"column":44}},"5":{"start":{"line":8,"column":18},"end":{"line":8,"column":30}},"6":{"start":{"line":11,"column":2},"end":{"line":11,"column":48}},"7":{"start":{"line":14,"column":18},"end":{"line":14,"column":42}},"8":{"start":{"line":16,"column":2},"end":{"line":18,"column":5}},"9":{"start":{"line":17,"column":4},"end":{"line":17,"column":46}},"10":{"start":{"line":20,"column":2},"end":{"line":20,"column":23}}},"fnMap":{"0":{"name":"(anonymous_0)","decl":{"start":{"line":5,"column":17},"end":{"line":5,"column":18}},"loc":{"start":{"line":5,"column":32},"end":{"line":21,"column":1}},"line":5},"1":{"name":"(anonymous_1)","decl":{"start":{"line":16,"column":19},"end":{"line":16,"column":20}},"loc":{"start":{"line":16,"column":25},"end":{"line":18,"column":3}},"line":16}},"branchMap":{},"s":{"0":1,"1":1,"2":1,"3":1,"4":1,"5":1,"6":1,"7":1,"8":1,"9":1,"10":1},"f":{"0":1,"1":1},"b":{},"_coverageSchema":"43e27e138ebf9cfc5966b082cf9a028302ed4184","hash":"c8dfcd3aafa204a967727b892a367b4b1f2e8dad","contentHash":"f08751de690a8cfc21ed9a5a0cea0920f394c862f03456fe334c5fa4d3f3a44c"},"C:\\Users\\MARKY\\Desktop\\382orbust(1)\\code\\testschedulingbackend\\src\\services\\resources\\resources.hooks.js":{"path":"C:\\Users\\MARKY\\Desktop\\382orbust(1)\\code\\testschedulingbackend\\src\\services\\resources\\resources.hooks.js","statementMap":{"0":{"start":{"line":3,"column":23},"end":{"line":3,"column":61}},"1":{"start":{"line":5,"column":0},"end":{"line":35,"column":2}}},"fnMap":{},"branchMap":{},"s":{"0":1,"1":1},"f":{},"b":{},"_coverageSchema":"43e27e138ebf9cfc5966b082cf9a028302ed4184","hash":"8e5fcc657ef4353d52dad24205f3700adf971bb7","contentHash":"4dbba0838b098f75b91fa9a4d7334b0aa0e3b1fa9bd7244418c6406884b7ae1a"},"C:\\Users\\MARKY\\Desktop\\382orbust(1)\\code\\testschedulingbackend\\src\\hooks\\resource-filter.js":{"path":"C:\\Users\\MARKY\\Desktop\\382orbust(1)\\code\\testschedulingbackend\\src\\hooks\\resource-filter.js","statementMap":{"0":{"start":{"line":5,"column":0},"end":{"line":17,"column":2}},"1":{"start":{"line":6,"column":2},"end":{"line":16,"column":4}},"2":{"start":{"line":7,"column":17},"end":{"line":7,"column":36}},"3":{"start":{"line":8,"column":17},"end":{"line":8,"column":28}},"4":{"start":{"line":9,"column":4},"end":{"line":11,"column":5}},"5":{"start":{"line":10,"column":6},"end":{"line":10,"column":36}},"6":{"start":{"line":12,"column":4},"end":{"line":14,"column":6}},"7":{"start":{"line":15,"column":4},"end":{"line":15,"column":19}}},"fnMap":{"0":{"name":"(anonymous_0)","decl":{"start":{"line":5,"column":17},"end":{"line":5,"column":18}},"loc":{"start":{"line":5,"column":41},"end":{"line":17,"column":1}},"line":5},"1":{"name":"(anonymous_1)","decl":{"start":{"line":6,"column":9},"end":{"line":6,"column":10}},"loc":{"start":{"line":6,"column":26},"end":{"line":16,"column":3}},"line":6}},"branchMap":{"0":{"loc":{"start":{"line":5,"column":27},"end":{"line":5,"column":39}},"type":"default-arg","locations":[{"start":{"line":5,"column":37},"end":{"line":5,"column":39}}],"line":5}},"s":{"0":1,"1":2,"2":1,"3":1,"4":1,"5":1,"6":1,"7":1},"f":{"0":2,"1":1},"b":{"0":[2]},"_coverageSchema":"43e27e138ebf9cfc5966b082cf9a028302ed4184","hash":"bb28ada3d1d264407214fafe09bec56fa97bdf01","contentHash":"d0c23e438f6e4d975047be51803d294bc1f0860fdfc39881247a9f67057bd56f"},"C:\\Users\\MARKY\\Desktop\\382orbust(1)\\code\\testschedulingbackend\\src\\services\\test-locations\\test-locations.service.js":{"path":"C:\\Users\\MARKY\\Desktop\\382orbust(1)\\code\\testschedulingbackend\\src\\services\\test-locations\\test-locations.service.js","statementMap":{"0":{"start":{"line":2,"column":22},"end":{"line":2,"column":49}},"1":{"start":{"line":3,"column":14},"end":{"line":3,"column":47}},"2":{"start":{"line":5,"column":0},"end":{"line":21,"column":2}},"3":{"start":{"line":6,"column":19},"end":{"line":6,"column":38}},"4":{"start":{"line":7,"column":22},"end":{"line":7,"column":44}},"5":{"start":{"line":8,"column":18},"end":{"line":8,"column":30}},"6":{"start":{"line":11,"column":2},"end":{"line":11,"column":53}},"7":{"start":{"line":14,"column":18},"end":{"line":14,"column":47}},"8":{"start":{"line":16,"column":2},"end":{"line":18,"column":5}},"9":{"start":{"line":17,"column":4},"end":{"line":17,"column":50}},"10":{"start":{"line":20,"column":2},"end":{"line":20,"column":23}}},"fnMap":{"0":{"name":"(anonymous_0)","decl":{"start":{"line":5,"column":17},"end":{"line":5,"column":18}},"loc":{"start":{"line":5,"column":32},"end":{"line":21,"column":1}},"line":5},"1":{"name":"(anonymous_1)","decl":{"start":{"line":16,"column":19},"end":{"line":16,"column":20}},"loc":{"start":{"line":16,"column":25},"end":{"line":18,"column":3}},"line":16}},"branchMap":{},"s":{"0":1,"1":1,"2":1,"3":1,"4":1,"5":1,"6":1,"7":1,"8":1,"9":1,"10":1},"f":{"0":1,"1":1},"b":{},"_coverageSchema":"43e27e138ebf9cfc5966b082cf9a028302ed4184","hash":"2b69924215367d992023117c3928913a827caf09","contentHash":"16b5ac8ee2df0e73dc7ba6749be47a3a10939f99cc48cd9f3e1df7c1eacac1b7"},"C:\\Users\\MARKY\\Desktop\\382orbust(1)\\code\\testschedulingbackend\\src\\services\\test-locations\\test-locations.hooks.js":{"path":"C:\\Users\\MARKY\\Desktop\\382orbust(1)\\code\\testschedulingbackend\\src\\services\\test-locations\\test-locations.hooks.js","statementMap":{"0":{"start":{"line":3,"column":28},"end":{"line":3,"column":72}},"1":{"start":{"line":5,"column":0},"end":{"line":35,"column":2}}},"fnMap":{},"branchMap":{},"s":{"0":1,"1":1},"f":{},"b":{},"_coverageSchema":"43e27e138ebf9cfc5966b082cf9a028302ed4184","hash":"67627f165b67a6f01db770037d93664471b967b6","contentHash":"fdbcf6ba7fd6ebfa687be4a304cda3a6b27c67ec13eb3770619597cfca7e306b"},"C:\\Users\\MARKY\\Desktop\\382orbust(1)\\code\\testschedulingbackend\\src\\hooks\\test-locations-filter.js":{"path":"C:\\Users\\MARKY\\Desktop\\382orbust(1)\\code\\testschedulingbackend\\src\\hooks\\test-locations-filter.js","statementMap":{"0":{"start":{"line":5,"column":0},"end":{"line":30,"column":2}},"1":{"start":{"line":6,"column":2},"end":{"line":29,"column":4}},"2":{"start":{"line":9,"column":17},"end":{"line":9,"column":36}},"3":{"start":{"line":13,"column":17},"end":{"line":13,"column":28}},"4":{"start":{"line":17,"column":4},"end":{"line":19,"column":5}},"5":{"start":{"line":17,"column":17},"end":{"line":17,"column":18}},"6":{"start":{"line":18,"column":6},"end":{"line":18,"column":36}},"7":{"start":{"line":21,"column":20},"end":{"line":23,"column":5}},"8":{"start":{"line":27,"column":4},"end":{"line":27,"column":31}},"9":{"start":{"line":28,"column":4},"end":{"line":28,"column":19}}},"fnMap":{"0":{"name":"(anonymous_0)","decl":{"start":{"line":5,"column":17},"end":{"line":5,"column":18}},"loc":{"start":{"line":5,"column":41},"end":{"line":30,"column":1}},"line":5},"1":{"name":"(anonymous_1)","decl":{"start":{"line":6,"column":9},"end":{"line":6,"column":10}},"loc":{"start":{"line":6,"column":26},"end":{"line":29,"column":3}},"line":6}},"branchMap":{"0":{"loc":{"start":{"line":5,"column":27},"end":{"line":5,"column":39}},"type":"default-arg","locations":[{"start":{"line":5,"column":37},"end":{"line":5,"column":39}}],"line":5}},"s":{"0":1,"1":2,"2":1,"3":1,"4":1,"5":1,"6":1,"7":1,"8":1,"9":1},"f":{"0":2,"1":1},"b":{"0":[2]},"_coverageSchema":"43e27e138ebf9cfc5966b082cf9a028302ed4184","hash":"5ac3861a3a15051e5a3c9765933ad202a8bf4515","contentHash":"b77e7875ead787ffc9cee25e2e19115bba2e913639b253439849eb2102d2ddd8"},"C:\\Users\\MARKY\\Desktop\\382orbust(1)\\code\\testschedulingbackend\\src\\services\\tools\\tools.service.js":{"path":"C:\\Users\\MARKY\\Desktop\\382orbust(1)\\code\\testschedulingbackend\\src\\services\\tools\\tools.service.js","statementMap":{"0":{"start":{"line":2,"column":22},"end":{"line":2,"column":49}},"1":{"start":{"line":3,"column":14},"end":{"line":3,"column":38}},"2":{"start":{"line":5,"column":0},"end":{"line":21,"column":2}},"3":{"start":{"line":6,"column":19},"end":{"line":6,"column":38}},"4":{"start":{"line":7,"column":22},"end":{"line":7,"column":44}},"5":{"start":{"line":8,"column":18},"end":{"line":8,"column":30}},"6":{"start":{"line":11,"column":2},"end":{"line":11,"column":44}},"7":{"start":{"line":14,"column":18},"end":{"line":14,"column":38}},"8":{"start":{"line":16,"column":2},"end":{"line":18,"column":5}},"9":{"start":{"line":17,"column":4},"end":{"line":17,"column":42}},"10":{"start":{"line":20,"column":2},"end":{"line":20,"column":23}}},"fnMap":{"0":{"name":"(anonymous_0)","decl":{"start":{"line":5,"column":17},"end":{"line":5,"column":18}},"loc":{"start":{"line":5,"column":32},"end":{"line":21,"column":1}},"line":5},"1":{"name":"(anonymous_1)","decl":{"start":{"line":16,"column":19},"end":{"line":16,"column":20}},"loc":{"start":{"line":16,"column":25},"end":{"line":18,"column":3}},"line":16}},"branchMap":{},"s":{"0":1,"1":1,"2":1,"3":1,"4":1,"5":1,"6":1,"7":1,"8":1,"9":1,"10":1},"f":{"0":1,"1":1},"b":{},"_coverageSchema":"43e27e138ebf9cfc5966b082cf9a028302ed4184","hash":"0d23e6bc15046e29f8f87d921d142f585195b782","contentHash":"9bbfabb7bbc22c7c855c1e7960ab467688c4e5505f28d33dc3f36b628cbe2c08"},"C:\\Users\\MARKY\\Desktop\\382orbust(1)\\code\\testschedulingbackend\\src\\services\\tools\\tools.hooks.js":{"path":"C:\\Users\\MARKY\\Desktop\\382orbust(1)\\code\\testschedulingbackend\\src\\services\\tools\\tools.hooks.js","statementMap":{"0":{"start":{"line":3,"column":20},"end":{"line":3,"column":55}},"1":{"start":{"line":5,"column":0},"end":{"line":35,"column":2}}},"fnMap":{},"branchMap":{},"s":{"0":1,"1":1},"f":{},"b":{},"_coverageSchema":"43e27e138ebf9cfc5966b082cf9a028302ed4184","hash":"2364e02d0786c25380d75287fc2f087425cadb23","contentHash":"bed8fddde0246e802bf37073bcb782b93d7d0e8fad63fd208ba80a694083384a"},"C:\\Users\\MARKY\\Desktop\\382orbust(1)\\code\\testschedulingbackend\\src\\hooks\\tools-filter.js":{"path":"C:\\Users\\MARKY\\Desktop\\382orbust(1)\\code\\testschedulingbackend\\src\\hooks\\tools-filter.js","statementMap":{"0":{"start":{"line":5,"column":0},"end":{"line":17,"column":2}},"1":{"start":{"line":6,"column":2},"end":{"line":16,"column":4}},"2":{"start":{"line":7,"column":17},"end":{"line":7,"column":36}},"3":{"start":{"line":8,"column":17},"end":{"line":8,"column":28}},"4":{"start":{"line":9,"column":4},"end":{"line":11,"column":5}},"5":{"start":{"line":10,"column":6},"end":{"line":10,"column":32}},"6":{"start":{"line":12,"column":4},"end":{"line":14,"column":6}},"7":{"start":{"line":15,"column":4},"end":{"line":15,"column":19}}},"fnMap":{"0":{"name":"(anonymous_0)","decl":{"start":{"line":5,"column":17},"end":{"line":5,"column":18}},"loc":{"start":{"line":5,"column":41},"end":{"line":17,"column":1}},"line":5},"1":{"name":"(anonymous_1)","decl":{"start":{"line":6,"column":9},"end":{"line":6,"column":10}},"loc":{"start":{"line":6,"column":26},"end":{"line":16,"column":3}},"line":6}},"branchMap":{"0":{"loc":{"start":{"line":5,"column":27},"end":{"line":5,"column":39}},"type":"default-arg","locations":[{"start":{"line":5,"column":37},"end":{"line":5,"column":39}}],"line":5}},"s":{"0":1,"1":2,"2":1,"3":1,"4":1,"5":1,"6":1,"7":1},"f":{"0":2,"1":1},"b":{"0":[2]},"_coverageSchema":"43e27e138ebf9cfc5966b082cf9a028302ed4184","hash":"504370a7f9aad9f3ff9ad2af87b112643c7f299e","contentHash":"7cb1cfae2ccd67f0e300fd86181b18c021b59359da7975164eee66e0c6a32364"},"C:\\Users\\MARKY\\Desktop\\382orbust(1)\\code\\testschedulingbackend\\src\\services\\file-upload\\file-upload.service.js":{"path":"C:\\Users\\MARKY\\Desktop\\382orbust(1)\\code\\testschedulingbackend\\src\\services\\file-upload\\file-upload.service.js","
[...]
us_3)","decl":{"start":{"line":33,"column":2},"end":{"line":33,"column":3}},"loc":{"start":{"line":33,"column":25},"end":{"line":53,"column":3}},"line":33},"4":{"name":"(anonymous_4)","decl":{"start":{"line":46,"column":25},"end":{"line":46,"column":26}},"loc":{"start":{"line":46,"column":43},"end":{"line":50,"column":5}},"line":46},"5":{"name":"(anonymous_5)","decl":{"start":{"line":56,"column":17},"end":{"line":56,"column":18}},"loc":{"start":{"line":56,"column":29},"end":{"line":58,"column":1}},"line":56}},"branchMap":{"0":{"loc":{"start":{"line":47,"column":6},"end":{"line":49,"column":7}},"type":"if","locations":[{"start":{"line":47,"column":6},"end":{"line":49,"column":7}},{"start":{"line":47,"column":6},"end":{"line":49,"column":7}}],"line":47}},"s":{"0":1,"1":1,"2":1,"3":1,"4":1,"5":1,"6":1,"7":1,"8":6,"9":1,"10":1,"11":1,"12":1,"13":3,"14":0,"15":0,"16":0,"17":0,"18":0,"19":0,"20":0,"21":0,"22":0,"23":1,"24":1,"25":1},"f":{"0":1,"1":6,"2":1,"3":3,"4":0,"5":1},"b":{"0":[0,0]},"_coverageSchema":"43e27e138ebf9cfc5966b082cf9a028302ed4184","hash":"642a5f3f8b49cb22c24be60ffdf1224aba1dadf7","contentHash":"fdcbc69fccaa3eea05c61212b9856aba23b3dc02a15c62f2cca9f4c660b69d91"},"C:\\Users\\MARKY\\Desktop\\382orbust(1)\\code\\testschedulingbackend\\src\\services\\ldap\\ldap.hooks.js":{"path":"C:\\Users\\MARKY\\Desktop\\382orbust(1)\\code\\testschedulingbackend\\src\\services\\ldap\\ldap.hooks.js","statementMap":{"0":{"start":{"line":3,"column":0},"end":{"line":33,"column":2}}},"fnMap":{},"branchMap":{},"s":{"0":1},"f":{},"b":{},"_coverageSchema":"43e27e138ebf9cfc5966b082cf9a028302ed4184","hash":"4143d54329306b70caeaea568b8459fc761f5c58","contentHash":"992549bf6e295ab7a9ea7848be940700f8e1d33518b0a353435d165e15429eb0"},"C:\\Users\\MARKY\\Desktop\\382orbust(1)\\code\\testschedulingbackend\\src\\services\\notifications\\notifications.service.js":{"path":"C:\\Users\\MARKY\\Desktop\\382orbust(1)\\code\\testschedulingbackend\\src\\services\\notifications\\notifications.service.js","statementMap":{"0":{"start":{"line":2,"column":22},"end":{"line":2,"column":49}},"1":{"start":{"line":3,"column":14},"end":{"line":3,"column":46}},"2":{"start":{"line":5,"column":0},"end":{"line":21,"column":2}},"3":{"start":{"line":6,"column":19},"end":{"line":6,"column":38}},"4":{"start":{"line":7,"column":22},"end":{"line":7,"column":44}},"5":{"start":{"line":8,"column":18},"end":{"line":8,"column":30}},"6":{"start":{"line":11,"column":2},"end":{"line":11,"column":52}},"7":{"start":{"line":14,"column":18},"end":{"line":14,"column":46}},"8":{"start":{"line":16,"column":2},"end":{"line":18,"column":5}},"9":{"start":{"line":17,"column":4},"end":{"line":17,"column":51}},"10":{"start":{"line":20,"column":2},"end":{"line":20,"column":23}}},"fnMap":{"0":{"name":"(anonymous_0)","decl":{"start":{"line":5,"column":17},"end":{"line":5,"column":18}},"loc":{"start":{"line":5,"column":32},"end":{"line":21,"column":1}},"line":5},"1":{"name":"(anonymous_1)","decl":{"start":{"line":16,"column":19},"end":{"line":16,"column":20}},"loc":{"start":{"line":16,"column":25},"end":{"line":18,"column":3}},"line":16}},"branchMap":{},"s":{"0":1,"1":1,"2":1,"3":1,"4":1,"5":1,"6":1,"7":1,"8":1,"9":1,"10":1},"f":{"0":1,"1":1},"b":{},"_coverageSchema":"43e27e138ebf9cfc5966b082cf9a028302ed4184","hash":"4c4406275105f3d27f3f81a75a13f463329cfea9","contentHash":"b9c991fb7b2deb93722836ed407db52f39a7b50a728a52e48be17070e7ae1d3e"},"C:\\Users\\MARKY\\Desktop\\382orbust(1)\\code\\testschedulingbackend\\src\\services\\notifications\\notifications.hooks.js":{"path":"C:\\Users\\MARKY\\Desktop\\382orbust(1)\\code\\testschedulingbackend\\src\\services\\notifications\\notifications.hooks.js","statementMap":{"0":{"start":{"line":3,"column":0},"end":{"line":33,"column":2}}},"fnMap":{},"branchMap":{},"s":{"0":1},"f":{},"b":{},"_coverageSchema":"43e27e138ebf9cfc5966b082cf9a028302ed4184","hash":"c2af81635aa86b1d272ef52708ec57a34e32fa1b","contentHash":"861d88f61f9a93cc70beb212825b6fba4eba2dd6451c20da8c10a4f43ef94bae"},"C:\\Users\\MARKY\\Desktop\\382orbust(1)\\code\\testschedulingbackend\\src\\services\\search\\search.service.js":{"path":"C:\\Users\\MARKY\\Desktop\\382orbust(1)\\code\\testschedulingbackend\\src\\services\\search\\search.service.js","statementMap":{"0":{"start":{"line":2,"column":22},"end":{"line":2,"column":50}},"1":{"start":{"line":3,"column":14},"end":{"line":3,"column":39}},"2":{"start":{"line":6,"column":0},"end":{"line":21,"column":2}},"3":{"start":{"line":10,"column":18},"end":{"line":12,"column":3}},"4":{"start":{"line":15,"column":2},"end":{"line":15,"column":45}},"5":{"start":{"line":18,"column":18},"end":{"line":18,"column":39}},"6":{"start":{"line":20,"column":2},"end":{"line":20,"column":23}}},"fnMap":{"0":{"name":"(anonymous_0)","decl":{"start":{"line":6,"column":17},"end":{"line":6,"column":18}},"loc":{"start":{"line":6,"column":32},"end":{"line":21,"column":1}},"line":6}},"branchMap":{},"s":{"0":1,"1":1,"2":1,"3":1,"4":1,"5":1,"6":1},"f":{"0":1},"b":{},"_coverageSchema":"43e27e138ebf9cfc5966b082cf9a028302ed4184","hash":"8c101a07c439fcd726ec5e925e1bd32de77bf617","contentHash":"c4490e2440ba68a4338f875b7b357d5c602aaf3f2a6aca1c1b1ce0700744e6de"},"C:\\Users\\MARKY\\Desktop\\382orbust(1)\\code\\testschedulingbackend\\src\\services\\search\\search.class.js":{"path":"C:\\Users\\MARKY\\Desktop\\382orbust(1)\\code\\testschedulingbackend\\src\\services\\search\\search.class.js","statementMap":{"0":{"start":{"line":8,"column":4},"end":{"line":8,"column":19}},"1":{"start":{"line":13,"column":21},"end":{"line":13,"column":43}},"2":{"start":{"line":14,"column":24},"end":{"line":17,"column":5}},"3":{"start":{"line":18,"column":26},"end":{"line":18,"column":116}},"4":{"start":{"line":19,"column":24},"end":{"line":19,"column":116}},"5":{"start":{"line":20,"column":23},"end":{"line":20,"column":110}},"6":{"start":{"line":21,"column":23},"end":{"line":21,"column":110}},"7":{"start":{"line":23,"column":21},"end":{"line":23,"column":103}},"8":{"start":{"line":24,"column":28},"end":{"line":24,"column":117}},"9":{"start":{"line":25,"column":32},"end":{"line":25,"column":125}},"10":{"start":{"line":26,"column":25},"end":{"line":26,"column":111}},"11":{"start":{"line":28,"column":4},"end":{"line":28,"column":56}},"12":{"start":{"line":29,"column":4},"end":{"line":29,"column":91}},"13":{"start":{"line":30,"column":4},"end":{"line":30,"column":90}},"14":{"start":{"line":31,"column":4},"end":{"line":31,"column":90}},"15":{"start":{"line":32,"column":35},"end":{"line":36,"column":6}},"16":{"start":{"line":33,"column":6},"end":{"line":35,"column":9}},"17":{"start":{"line":34,"column":8},"end":{"line":34,"column":67}},"18":{"start":{"line":37,"column":4},"end":{"line":37,"column":55}},"19":{"start":{"line":38,"column":4},"end":{"line":38,"column":45}},"20":{"start":{"line":39,"column":4},"end":{"line":39,"column":83}},"21":{"start":{"line":40,"column":4},"end":{"line":40,"column":87}},"22":{"start":{"line":41,"column":4},"end":{"line":41,"column":80}},"23":{"start":{"line":42,"column":28},"end":{"line":46,"column":6}},"24":{"start":{"line":43,"column":6},"end":{"line":45,"column":9}},"25":{"start":{"line":44,"column":8},"end":{"line":44,"column":61}},"26":{"start":{"line":47,"column":4},"end":{"line":47,"column":42}},"27":{"start":{"line":49,"column":4},"end":{"line":49,"column":27}},"28":{"start":{"line":53,"column":0},"end":{"line":55,"column":2}},"29":{"start":{"line":54,"column":2},"end":{"line":54,"column":30}},"30":{"start":{"line":57,"column":0},"end":{"line":57,"column":33}}},"fnMap":{"0":{"name":"(anonymous_0)","decl":{"start":{"line":5,"column":2},"end":{"line":5,"column":3}},"loc":{"start":{"line":5,"column":24},"end":{"line":6,"column":3}},"line":5},"1":{"name":"(anonymous_1)","decl":{"start":{"line":7,"column":2},"end":{"line":7,"column":3}},"loc":{"start":{"line":7,"column":13},"end":{"line":9,"column":3}},"line":7},"2":{"name":"(anonymous_2)","decl":{"start":{"line":11,"column":2},"end":{"line":11,"column":3}},"loc":{"start":{"line":11,"column":22},"end":{"line":50,"column":3}},"line":11},"3":{"name":"(anonymous_3)","decl":{"start":{"line":32,"column":68},"end":{"line":32,"column":69}},"loc":{"start":{"line":32,"column":91},"end":{"line":36,"column":5}},"line":32},"4":{"name":"(anonymous_4)","decl":{"start":{"line":33,"column":59},"end":{"line":33,"column":60}},"loc":{"start":{"line":33,"column":66},"end":{"line":35,"column":7}},"line":33},"5":{"name":"(anonymous_5)","decl":{"start":{"line":42,"column":55},"end":{"line":42,"column":56}},"loc":{"start":{"line":42,"column":72},"end":{"line":46,"column":5}},"line":42},"6":{"name":"(anonymous_6)","decl":{"start":{"line":43,"column":53},"end":{"line":43,"column":54}},"loc":{"start":{"line":43,"column":60},"end":{"line":45,"column":7}},"line":43},"7":{"name":"(anonymous_7)","decl":{"start":{"line":53,"column":17},"end":{"line":53,"column":18}},"loc":{"start":{"line":53,"column":36},"end":{"line":55,"column":1}},"line":53}},"branchMap":{},"s":{"0":6,"1":1,"2":1,"3":1,"4":1,"5":1,"6":1,"7":1,"8":1,"9":1,"10":1,"11":1,"12":1,"13":1,"14":1,"15":1,"16":0,"17":0,"18":1,"19":1,"20":1,"21":1,"22":1,"23":1,"24":0,"25":0,"26":1,"27":1,"28":1,"29":1,"30":1},"f":{"0":1,"1":6,"2":1,"3":0,"4":0,"5":0,"6":0,"7":1},"b":{},"_coverageSchema":"43e27e138ebf9cfc5966b082cf9a028302ed4184","hash":"df1e8f17bc8d5e88995240182d16663ba1cb753c","contentHash":"4c5e265aaaa5bbe7ae0584722ab71d996903d72a2412531a2ad8d30c696697b8"},"C:\\Users\\MARKY\\Desktop\\382orbust(1)\\code\\testschedulingbackend\\src\\services\\search\\search.hooks.js":{"path":"C:\\Users\\MARKY\\Desktop\\382orbust(1)\\code\\testschedulingbackend\\src\\services\\search\\search.hooks.js","statementMap":{"0":{"start":{"line":3,"column":0},"end":{"line":33,"column":2}}},"fnMap":{},"branchMap":{},"s":{"0":1},"f":{},"b":{},"_coverageSchema":"43e27e138ebf9cfc5966b082cf9a028302ed4184","hash":"ba3b6a1ca849ca659c691db56e2b7b5f373341e0","contentHash":"d243335a44969cf8778ce91ce3ebbc6818d61aa763b98944eb37e9b97475011e"},"C:\\Users\\MARKY\\Desktop\\382orbust(1)\\code\\testschedulingbackend\\src\\app.hooks.js":{"path":"C:\\Users\\MARKY\\Desktop\\382orbust(1)\\code\\testschedulingbackend\\src\\app.hooks.js","statementMap":{"0":{"start":{"line":2,"column":12},"end":{"line":2,"column":34}},"1":{"start":{"line":3,"column":21},"end":{"line":3,"column":52}},"2":{"start":{"line":7,"column":0},"end":{"line":37,"column":2}}},"fnMap":{},"branchMap":{},"s":{"0":1,"1":1,"2":1},"f":{},"b":{},"_coverageSchema":"43e27e138ebf9cfc5966b082cf9a028302ed4184","hash":"25b3595ceeb8ab81dd168de56ffe50e7410df3f6","contentHash":"0a16923af870c7c6cda46531d05c47eb7e35671247b25088c333f254da3ed469"},"C:\\Users\\MARKY\\Desktop\\382orbust(1)\\code\\testschedulingbackend\\src\\hooks\\log.js":{"path":"C:\\Users\\MARKY\\Desktop\\382orbust(1)\\code\\testschedulingbackend\\src\\hooks\\log.js","statementMap":{"0":{"start":{"line":4,"column":15},"end":{"line":4,"column":35}},"1":{"start":{"line":5,"column":13},"end":{"line":5,"column":28}},"2":{"start":{"line":10,"column":0},"end":{"line":24,"column":2}},"3":{"start":{"line":11,"column":2},"end":{"line":23,"column":4}},"4":{"start":{"line":14,"column":4},"end":{"line":14,"column":87}},"5":{"start":{"line":16,"column":4},"end":{"line":18,"column":5}},"6":{"start":{"line":17,"column":6},"end":{"line":17,"column":75}},"7":{"start":{"line":20,"column":4},"end":{"line":22,"column":5}},"8":{"start":{"line":21,"column":6},"end":{"line":21,"column":40}}},"fnMap":{"0":{"name":"(anonymous_0)","decl":{"start":{"line":10,"column":17},"end":{"line":10,"column":18}},"loc":{"start":{"line":10,"column":29},"end":{"line":24,"column":1}},"line":10},"1":{"name":"(anonymous_1)","decl":{"start":{"line":11,"column":9},"end":{"line":11,"column":10}},"loc":{"start":{"line":11,"column":20},"end":{"line":23,"column":3}},"line":11}},"branchMap":{"0":{"loc":{"start":{"line":16,"column":4},"end":{"line":18,"column":5}},"type":"if","locations":[{"start":{"line":16,"column":4},"end":{"line":18,"column":5}},{"start":{"line":16,"column":4},"end":{"line":18,"column":5}}],"line":16},"1":{"loc":{"start":{"line":16,"column":7},"end":{"line":16,"column":71}},"type":"binary-expr","locations":[{"start":{"line":16,"column":7},"end":{"line":16,"column":43}},{"start":{"line":16,"column":47},"end":{"line":16,"column":71}}],"line":16},"2":{"loc":{"start":{"line":20,"column":4},"end":{"line":22,"column":5}},"type":"if","locations":[{"start":{"line":20,"column":4},"end":{"line":22,"column":5}},{"start":{"line":20,"column":4},"end":{"line":22,"column":5}}],"line":20},"3":{"loc":{"start":{"line":20,"column":7},"end":{"line":20,"column":39}},"type":"binary-expr","locations":[{"start":{"line":20,"column":7},"end":{"line":20,"column":20}},{"start":{"line":20,"column":24},"end":{"line":20,"column":39}}],"line":20}},"s":{"0":1,"1":1,"2":1,"3":3,"4":31,"5":31,"6":0,"7":31,"8":1},"f":{"0":3,"1":31},"b":{"0":[0,31],"1":[31,18],"2":[1,30],"3":[31,1]},"_coverageSchema":"43e27e138ebf9cfc5966b082cf9a028302ed4184","hash":"0bbcb5576dab4a1eee0b00ecaa95b52719f0e7b5","contentHash":"3a8e21d42fc809c2d561d2102f032f94e692e06807727d02089be5ebbadb885c"},"C:\\Users\\MARKY\\Desktop\\382orbust(1)\\code\\testschedulingbackend\\src\\hooks\\timestamp.js":{"path":"C:\\Users\\MARKY\\Desktop\\382orbust(1)\\code\\testschedulingbackend\\src\\hooks\\timestamp.js","statementMap":{"0":{"start":{"line":2,"column":0},"end":{"line":7,"column":2}},"1":{"start":{"line":3,"column":2},"end":{"line":6,"column":4}},"2":{"start":{"line":4,"column":4},"end":{"line":4,"column":36}},"3":{"start":{"line":5,"column":4},"end":{"line":5,"column":19}}},"fnMap":{"0":{"name":"(anonymous_0)","decl":{"start":{"line":2,"column":17},"end":{"line":2,"column":18}},"loc":{"start":{"line":2,"column":31},"end":{"line":7,"column":1}},"line":2},"1":{"name":"(anonymous_1)","decl":{"start":{"line":3,"column":9},"end":{"line":3,"column":10}},"loc":{"start":{"line":3,"column":26},"end":{"line":6,"column":3}},"line":3}},"branchMap":{},"s":{"0":1,"1":3,"2":3,"3":3},"f":{"0":3,"1":3},"b":{},"_coverageSchema":"43e27e138ebf9cfc5966b082cf9a028302ed4184","hash":"9c19f95b4725a13fef47972ecc63a3894b8fd6e8","contentHash":"b34f9b24abc67218f8af1a1b39255a3682c5bde3cd700d3a72c8ca8b60b99e41"},"C:\\Users\\MARKY\\Desktop\\382orbust(1)\\code\\testschedulingbackend\\src\\mongodb.js":{"path":"C:\\Users\\MARKY\\Desktop\\382orbust(1)\\code\\testschedulingbackend\\src\\mongodb.js","statementMap":{"0":{"start":{"line":1,"column":14},"end":{"line":1,"column":59}},"1":{"start":{"line":2,"column":20},"end":{"line":2,"column":50}},"2":{"start":{"line":3,"column":15},"end":{"line":3,"column":34}},"3":{"start":{"line":5,"column":0},"end":{"line":20,"column":2}},"4":{"start":{"line":6,"column":17},"end":{"line":6,"column":35}},"5":{"start":{"line":7,"column":18},"end":{"line":17,"column":4}},"6":{"start":{"line":9,"column":4},"end":{"line":11,"column":5}},"7":{"start":{"line":10,"column":6},"end":{"line":10,"column":20}},"8":{"start":{"line":13,"column":19},"end":{"line":13,"column":42}},"9":{"start":{"line":14,"column":4},"end":{"line":14,"column":29}},"10":{"start":{"line":16,"column":4},"end":{"line":16,"column":24}},"11":{"start":{"line":19,"column":2},"end":{"line":19,"column":34}}},"fnMap":{"0":{"name":"(anonymous_0)","decl":{"start":{"line":5,"column":17},"end":{"line":5,"column":18}},"loc":{"start":{"line":5,"column":32},"end":{"line":20,"column":1}},"line":5},"1":{"name":"(anonymous_1)","decl":{"start":{"line":7,"column":78},"end":{"line":7,"column":79}},"loc":{"start":{"line":7,"column":88},"end":{"line":15,"column":3}},"line":7},"2":{"name":"(anonymous_2)","decl":{"start":{"line":13,"column":33},"end":{"line":13,"column":34}},"loc":{"start":{"line":13,"column":39},"end":{"line":13,"column":41}},"line":13},"3":{"name":"(anonymous_3)","decl":{"start":{"line":15,"column":11},"end":{"line":15,"column":12}},"loc":{"start":{"line":15,"column":20},"end":{"line":17,"column":3}},"line":15}},"branchMap":{"0":{"loc":{"start":{"line":9,"column":4},"end":{"line":11,"column":5}},"type":"if","locations":[{"start":{"line":9,"column":4},"end":{"line":11,"column":5}},{"start":{"line":9,"column":4},"end":{"line":11,"column":5}}],"line":9}},"s":{"0":1,"1":1,"2":1,"3":1,"4":1,"5":1,"6":1,"7":0,"8":1,"9":1,"10":0,"11":1},"f":{"0":1,"1":1,"2":1,"3":0},"b":{"0":[0,1]},"_coverageSchema":"43e27e138ebf9cfc5966b082cf9a028302ed4184","hash":"933c59514f5d77339c956eb0dbf5433042fc7007","contentHash":"2a4ef048125b571ca21347fb4bf3364efd334d17e1cef8c049ee097cd38803de"},"C:\\Users\\MARKY\\Desktop\\382orbust(1)\\code\\testschedulingbackend\\src\\authentication.js":{"path":"C:\\Users\\MARKY\\Desktop\\382orbust(1)\\code\\testschedulingbackend\\src\\authentication.js","statementMap":{"0":{"start":{"line":1,"column":23},"end":{"line":1,"column":60}},"1":{"start":{"line":2,"column":12},"end":{"line":2,"column":53}},"2":{"start":{"line":3,"column":14},"end":{"line":3,"column":57}},"3":{"start":{"line":4,"column":27},"end":{"line":4,"column":48}},"4":{"start":{"line":6,"column":0},"end":{"line":27,"column":2}},"5":{"start":{"line":7,"column":17},"end":{"line":7,"column":42}},"6":{"start":{"line":10,"column":2},"end":{"line":10,"column":40}},"7":{"start":{"line":11,"column":2},"end":{"line":11,"column":23}},"8":{"start":{"line":12,"column":2},"end":{"line":12,"column":51}},"9":{"start":{"line":17,"column":2},"end":{"line":26,"column":5}}},"fnMap":{"0":{"name":"(anonymous_0)","decl":{"start":{"line":6,"column":17},"end":{"line":6,"column":18}},"loc":{"start":{"line":6,"column":32},"end":{"line":27,"column":1}},"line":6}},"branchMap":{},"s":{"0":1,"1":1,"2":1,"3":1,"4":1,"5":1,"6":1,"7":1,"8":1,"9":1},"f":{"0":1},"b":{},"_coverageSchema":"43e27e138ebf9cfc5966b082cf9a028302ed4184","hash":"994fc8e95a11ebc1ed453614b6c26d60cd045817","contentHash":"01797b18215313dceddc48c005ce7cbf68947e5c594e78a97c324b1699b52d87"},"C:\\Users\\MARKY\\Desktop\\382orbust(1)\\code\\testschedulingbackend\\src\\verifier.js":{"path":"C:\\Users\\MARKY\\Desktop\\382orbust(1)\\code\\testschedulingbackend\\src\\verifier.js","statementMap":{"0":{"start":{"line":3,"column":21},"end":{"line":3,"column":64}},"1":{"start":{"line":4,"column":13},"end":{"line":4,"column":42}},"2":{"start":{"line":8,"column":18},"end":{"line":8,"column":42}},"3":{"start":{"line":9,"column":15},"end":{"line":9,"column":40}},"4":{"start":{"line":11,"column":4},"end":{"line":13,"column":5}},"5":{"start":{"line":12,"column":6},"end":{"line":12,"column":28}},"6":{"start":{"line":14,"column":13},"end":{"line":14,"column":26}},"7":{"start":{"line":15,"column":19},"end":{"line":15,"column":55}},"8":{"start":{"line":16,"column":17},"end":{"line":16,"column":45}},"9":{"start":{"line":17,"column":4},"end":{"line":17,"column":51}},"10":{"start":{"line":19,"column":4},"end":{"line":21,"column":5}},"11":{"start":{"line":20,"column":6},"end":{"line":20,"column":28}},"12":{"start":{"line":23,"column":4},"end":{"line":28,"column":7}},"13":{"start":{"line":32,"column":0},"end":{"line":34,"column":2}}},"fnMap":{"0":{"name":"(anonymous_0)","decl":{"start":{"line":7,"column":2},"end":{"line":7,"column":3}},"loc":{"start":{"line":7,"column":46},"end":{"line":29,"column":3}},"line":7}},"branchMap":{"0":{"loc":{"start":{"line":11,"column":4},"end":{"line":13,"column":5}},"type":"if","locations":[{"start":{"line":11,"column":4},"end":{"line":13,"column":5}},{"start":{"line":11,"column":4},"end":{"line":13,"column":5}}],"line":11},"1":{"loc":{"start":{"line":19,"column":4},"end":{"line":21,"column":5}},"type":"if","locations":[{"start":{"line":19,"column":4},"end":{"line":21,"column":5}},{"start":{"line":19,"column":4},"end":{"line":21,"column":5}}],"line":19}},"s":{"0":1,"1":1,"2":2,"3":2,"4":0,"5":0,"6":0,"7":0,"8":0,"9":0,"10":0,"11":0,"12":0,"13":1},"f":{"0":2},"b":{"0":[0,0],"1":[0,0]},"_coverageSchema":"43e27e138ebf9cfc5966b082cf9a028302ed4184","hash":"5fe645f3c4018c317f011936749d93ba457c0fdc","contentHash":"19ae736f839fa59a071030cf54020708846a9a8119e89cf0fe38d61bda65de5c"}}